22:05:55 INFO  : Registering command handlers for SDK TCF services
22:05:56 INFO  : Launching XSCT server: xsct.bat -interactive D:\s181703\ZL01_LED1_181703_prj\ZL01_LED1_181703_prj.sdk\temp_xsdb_launch_script.tcl
22:05:59 INFO  : XSCT server has started successfully.
22:06:01 INFO  : Successfully done setting XSCT server connection channel  
22:06:01 INFO  : Processing command line option -hwspec D:/s181703/ZL01_LED1_181703_prj/ZL01_LED1_181703_prj.sdk/ZL01_Blk_s181703_wrapper.hdf.
22:06:01 INFO  : Successfully done setting SDK workspace  
03:03:52 INFO  : Connected to target on host '127.0.0.1' and port '3121'.
03:03:54 INFO  : 'targets -set -filter {jtag_cable_name =~ "Digilent Zybo Z7 210351A77FABA" && level==0} -index 1' command is executed.
03:03:55 INFO  : FPGA configured successfully with bitstream "D:/s181703/ZL01_LED1_181703_prj/ZL01_LED1_181703_prj.sdk/ZL01_Blk_s181703_wrapper_hw_platform_0/ZL01_Blk_s181703_wrapper.bit"
03:04:23 INFO  : 'targets -set -filter {jtag_cable_name =~ "Digilent Zybo Z7 210351A77FABA" && level==0} -index 1' command is executed.
03:04:23 INFO  : 'fpga -state' command is executed.
03:04:23 INFO  : Connected to target on host '127.0.0.1' and port '3121'.
03:04:24 INFO  : Jtag cable 'Digilent Zybo Z7 210351A77FABA' is selected.
03:04:24 INFO  : 'jtag frequency' command is executed.
03:04:24 INFO  : Sourcing of 'D:/s181703/ZL01_LED1_181703_prj/ZL01_LED1_181703_prj.sdk/ZL01_Blk_s181703_wrapper_hw_platform_0/ps7_init.tcl' is done.
03:04:24 INFO  : Context for 'APU' is selected.
03:04:24 INFO  : Hardware design information is loaded from 'D:/s181703/ZL01_LED1_181703_prj/ZL01_LED1_181703_prj.sdk/ZL01_Blk_s181703_wrapper_hw_platform_0/system.hdf'.
03:04:24 INFO  : 'configparams force-mem-access 1' command is executed.
03:04:24 INFO  : Context for 'APU' is selected.
03:04:24 INFO  : 'stop' command is executed.
03:04:24 INFO  : 'ps7_init' command is executed.
03:04:24 INFO  : 'ps7_post_config' command is executed.
03:04:24 INFO  : Context for processor 'ps7_cortexa9_0' is selected.
03:04:24 INFO  : Processor reset is completed for 'ps7_cortexa9_0'.
03:04:24 INFO  : Context for processor 'ps7_cortexa9_0' is selected.
03:04:24 INFO  : The application 'D:/s181703/ZL01_LED1_181703_prj/ZL01_LED1_181703_prj.sdk/ZL01_SW_181703/Debug/ZL01_SW_181703.elf' is downloaded to processor 'ps7_cortexa9_0'.
03:04:24 INFO  : 'configparams force-mem-access 0' command is executed.
03:04:24 INFO  : ----------------XSDB Script----------------
connect -url tcp:127.0.0.1:3121
source D:/s181703/ZL01_LED1_181703_prj/ZL01_LED1_181703_prj.sdk/ZL01_Blk_s181703_wrapper_hw_platform_0/ps7_init.tcl
targets -set -nocase -filter {name =~"APU*" && jtag_cable_name =~ "Digilent Zybo Z7 210351A77FABA"} -index 0
loadhw -hw D:/s181703/ZL01_LED1_181703_prj/ZL01_LED1_181703_prj.sdk/ZL01_Blk_s181703_wrapper_hw_platform_0/system.hdf -mem-ranges [list {0x40000000 0xbfffffff}]
configparams force-mem-access 1
targets -set -nocase -filter {name =~"APU*" && jtag_cable_name =~ "Digilent Zybo Z7 210351A77FABA"} -index 0
stop
ps7_init
ps7_post_config
targets -set -nocase -filter {name =~ "ARM*#0" && jtag_cable_name =~ "Digilent Zybo Z7 210351A77FABA"} -index 0
rst -processor
targets -set -nocase -filter {name =~ "ARM*#0" && jtag_cable_name =~ "Digilent Zybo Z7 210351A77FABA"} -index 0
dow D:/s181703/ZL01_LED1_181703_prj/ZL01_LED1_181703_prj.sdk/ZL01_SW_181703/Debug/ZL01_SW_181703.elf
configparams force-mem-access 0
----------------End of Script----------------

03:04:25 INFO  : Context for processor 'ps7_cortexa9_0' is selected.
03:04:25 INFO  : 'con' command is executed.
03:04:25 INFO  : ----------------XSDB Script (After Launch)----------------
targets -set -nocase -filter {name =~ "ARM*#0" && jtag_cable_name =~ "Digilent Zybo Z7 210351A77FABA"} -index 0
con
----------------End of Script----------------

03:04:25 INFO  : Disconnected from the channel tcfchan#1.
03:21:31 INFO  : Connected to target on host '127.0.0.1' and port '3121'.
03:21:32 INFO  : 'targets -set -filter {jtag_cable_name =~ "Digilent Zybo Z7 210351A77FABA" && level==0} -index 1' command is executed.
03:21:33 INFO  : FPGA configured successfully with bitstream "D:/s181703/ZL01_LED1_181703_prj/ZL01_LED1_181703_prj.sdk/ZL01_Blk_s181703_wrapper_hw_platform_0/ZL01_Blk_s181703_wrapper.bit"
03:21:53 INFO  : 'targets -set -filter {jtag_cable_name =~ "Digilent Zybo Z7 210351A77FABA" && level==0} -index 1' command is executed.
03:21:53 INFO  : 'fpga -state' command is executed.
03:21:53 INFO  : Connected to target on host '127.0.0.1' and port '3121'.
03:21:53 INFO  : Jtag cable 'Digilent Zybo Z7 210351A77FABA' is selected.
03:21:53 INFO  : 'jtag frequency' command is executed.
03:21:53 INFO  : Sourcing of 'D:/s181703/ZL01_LED1_181703_prj/ZL01_LED1_181703_prj.sdk/ZL01_Blk_s181703_wrapper_hw_platform_0/ps7_init.tcl' is done.
03:21:53 INFO  : Context for 'APU' is selected.
03:21:53 INFO  : Hardware design information is loaded from 'D:/s181703/ZL01_LED1_181703_prj/ZL01_LED1_181703_prj.sdk/ZL01_Blk_s181703_wrapper_hw_platform_0/system.hdf'.
03:21:53 INFO  : 'configparams force-mem-access 1' command is executed.
03:21:53 INFO  : Context for 'APU' is selected.
03:21:53 INFO  : 'stop' command is executed.
03:21:54 INFO  : 'ps7_init' command is executed.
03:21:54 INFO  : 'ps7_post_config' command is executed.
03:21:54 INFO  : Context for processor 'ps7_cortexa9_0' is selected.
03:21:54 INFO  : Processor reset is completed for 'ps7_cortexa9_0'.
03:21:54 INFO  : Context for processor 'ps7_cortexa9_0' is selected.
03:21:54 INFO  : The application 'D:/s181703/ZL01_LED1_181703_prj/ZL01_LED1_181703_prj.sdk/ZL01_SW_181703/Debug/ZL01_SW_181703.elf' is downloaded to processor 'ps7_cortexa9_0'.
03:21:54 INFO  : 'configparams force-mem-access 0' command is executed.
03:21:54 INFO  : ----------------XSDB Script----------------
connect -url tcp:127.0.0.1:3121
source D:/s181703/ZL01_LED1_181703_prj/ZL01_LED1_181703_prj.sdk/ZL01_Blk_s181703_wrapper_hw_platform_0/ps7_init.tcl
targets -set -nocase -filter {name =~"APU*" && jtag_cable_name =~ "Digilent Zybo Z7 210351A77FABA"} -index 0
loadhw -hw D:/s181703/ZL01_LED1_181703_prj/ZL01_LED1_181703_prj.sdk/ZL01_Blk_s181703_wrapper_hw_platform_0/system.hdf -mem-ranges [list {0x40000000 0xbfffffff}]
configparams force-mem-access 1
targets -set -nocase -filter {name =~"APU*" && jtag_cable_name =~ "Digilent Zybo Z7 210351A77FABA"} -index 0
stop
ps7_init
ps7_post_config
targets -set -nocase -filter {name =~ "ARM*#0" && jtag_cable_name =~ "Digilent Zybo Z7 210351A77FABA"} -index 0
rst -processor
targets -set -nocase -filter {name =~ "ARM*#0" && jtag_cable_name =~ "Digilent Zybo Z7 210351A77FABA"} -index 0
dow D:/s181703/ZL01_LED1_181703_prj/ZL01_LED1_181703_prj.sdk/ZL01_SW_181703/Debug/ZL01_SW_181703.elf
configparams force-mem-access 0
----------------End of Script----------------

03:21:54 INFO  : Context for processor 'ps7_cortexa9_0' is selected.
03:21:54 INFO  : 'con' command is executed.
03:21:54 INFO  : ----------------XSDB Script (After Launch)----------------
targets -set -nocase -filter {name =~ "ARM*#0" && jtag_cable_name =~ "Digilent Zybo Z7 210351A77FABA"} -index 0
con
----------------End of Script----------------

03:21:54 INFO  : Disconnected from the channel tcfchan#2.
