22:24:34 INFO  : Registering command handlers for SDK TCF services
22:24:35 INFO  : Launching XSCT server: xsct.bat -interactive D:\s181703\ZL04_IP2_181703_prj\ZL04_IP2_181703_prj.sdk\temp_xsdb_launch_script.tcl
22:24:37 INFO  : XSCT server has started successfully.
22:24:37 INFO  : Successfully done setting XSCT server connection channel  
22:24:37 INFO  : Successfully done setting SDK workspace  
22:24:37 INFO  : Processing command line option -hwspec D:/s181703/ZL04_IP2_181703_prj/ZL04_IP2_181703_prj.sdk/ZL04_Blk_181703_wrapper.hdf.
22:36:34 INFO  : Connected to target on host '127.0.0.1' and port '3121'.
22:36:34 INFO  : 'targets -set -filter {jtag_cable_name =~ "Digilent Zybo Z7 210351A77FABA" && level==0} -index 1' command is executed.
22:36:35 INFO  : FPGA configured successfully with bitstream "D:/s181703/ZL04_IP2_181703_prj/ZL04_IP2_181703_prj.sdk/ZL04_Blk_181703_wrapper_hw_platform_0/ZL04_Blk_181703_wrapper.bit"
22:37:02 INFO  : 'targets -set -filter {jtag_cable_name =~ "Digilent Zybo Z7 210351A77FABA" && level==0} -index 1' command is executed.
22:37:02 INFO  : 'fpga -state' command is executed.
22:37:02 INFO  : Connected to target on host '127.0.0.1' and port '3121'.
22:37:02 INFO  : Jtag cable 'Digilent Zybo Z7 210351A77FABA' is selected.
22:37:02 INFO  : 'jtag frequency' command is executed.
22:37:02 INFO  : Sourcing of 'D:/s181703/ZL04_IP2_181703_prj/ZL04_IP2_181703_prj.sdk/ZL04_Blk_181703_wrapper_hw_platform_0/ps7_init.tcl' is done.
22:37:02 INFO  : Context for 'APU' is selected.
22:37:02 INFO  : Hardware design information is loaded from 'D:/s181703/ZL04_IP2_181703_prj/ZL04_IP2_181703_prj.sdk/ZL04_Blk_181703_wrapper_hw_platform_0/system.hdf'.
22:37:02 INFO  : 'configparams force-mem-access 1' command is executed.
22:37:02 INFO  : Context for 'APU' is selected.
22:37:02 INFO  : 'stop' command is executed.
22:37:02 INFO  : 'ps7_init' command is executed.
22:37:02 INFO  : 'ps7_post_config' command is executed.
22:37:02 INFO  : Context for processor 'ps7_cortexa9_0' is selected.
22:37:02 INFO  : Processor reset is completed for 'ps7_cortexa9_0'.
22:37:03 INFO  : Context for processor 'ps7_cortexa9_0' is selected.
22:37:03 INFO  : The application 'D:/s181703/ZL04_IP2_181703_prj/ZL04_IP2_181703_prj.sdk/ZL04_SW_181703/Debug/ZL04_SW_181703.elf' is downloaded to processor 'ps7_cortexa9_0'.
22:37:03 INFO  : 'configparams force-mem-access 0' command is executed.
22:37:03 INFO  : ----------------XSDB Script----------------
connect -url tcp:127.0.0.1:3121
source D:/s181703/ZL04_IP2_181703_prj/ZL04_IP2_181703_prj.sdk/ZL04_Blk_181703_wrapper_hw_platform_0/ps7_init.tcl
targets -set -nocase -filter {name =~"APU*" && jtag_cable_name =~ "Digilent Zybo Z7 210351A77FABA"} -index 0
loadhw -hw D:/s181703/ZL04_IP2_181703_prj/ZL04_IP2_181703_prj.sdk/ZL04_Blk_181703_wrapper_hw_platform_0/system.hdf -mem-ranges [list {0x40000000 0xbfffffff}]
configparams force-mem-access 1
targets -set -nocase -filter {name =~"APU*" && jtag_cable_name =~ "Digilent Zybo Z7 210351A77FABA"} -index 0
stop
ps7_init
ps7_post_config
targets -set -nocase -filter {name =~ "ARM*#0" && jtag_cable_name =~ "Digilent Zybo Z7 210351A77FABA"} -index 0
rst -processor
targets -set -nocase -filter {name =~ "ARM*#0" && jtag_cable_name =~ "Digilent Zybo Z7 210351A77FABA"} -index 0
dow D:/s181703/ZL04_IP2_181703_prj/ZL04_IP2_181703_prj.sdk/ZL04_SW_181703/Debug/ZL04_SW_181703.elf
configparams force-mem-access 0
----------------End of Script----------------

22:37:03 INFO  : Context for processor 'ps7_cortexa9_0' is selected.
22:37:03 INFO  : 'con' command is executed.
22:37:03 INFO  : ----------------XSDB Script (After Launch)----------------
targets -set -nocase -filter {name =~ "ARM*#0" && jtag_cable_name =~ "Digilent Zybo Z7 210351A77FABA"} -index 0
con
----------------End of Script----------------

22:37:03 INFO  : Disconnected from the channel tcfchan#1.
22:53:17 INFO  : Connected to target on host '127.0.0.1' and port '3121'.
22:53:19 INFO  : 'targets -set -filter {jtag_cable_name =~ "Digilent Zybo Z7 210351A77FABA" && level==0} -index 1' command is executed.
22:53:20 INFO  : FPGA configured successfully with bitstream "D:/s181703/ZL04_IP2_181703_prj/ZL04_IP2_181703_prj.sdk/ZL04_Blk_181703_wrapper_hw_platform_0/ZL04_Blk_181703_wrapper.bit"
22:54:29 INFO  : 'targets -set -filter {jtag_cable_name =~ "Digilent Zybo Z7 210351A77FABA" && level==0} -index 1' command is executed.
22:54:29 INFO  : 'fpga -state' command is executed.
22:54:29 INFO  : Connected to target on host '127.0.0.1' and port '3121'.
22:54:30 INFO  : Jtag cable 'Digilent Zybo Z7 210351A77FABA' is selected.
22:54:30 INFO  : 'jtag frequency' command is executed.
22:54:30 INFO  : Sourcing of 'D:/s181703/ZL04_IP2_181703_prj/ZL04_IP2_181703_prj.sdk/ZL04_Blk_181703_wrapper_hw_platform_0/ps7_init.tcl' is done.
22:54:30 INFO  : Context for 'APU' is selected.
22:54:30 INFO  : Hardware design information is loaded from 'D:/s181703/ZL04_IP2_181703_prj/ZL04_IP2_181703_prj.sdk/ZL04_Blk_181703_wrapper_hw_platform_0/system.hdf'.
22:54:30 INFO  : 'configparams force-mem-access 1' command is executed.
22:54:30 INFO  : Context for 'APU' is selected.
22:54:30 INFO  : 'stop' command is executed.
22:54:30 INFO  : 'ps7_init' command is executed.
22:54:30 INFO  : 'ps7_post_config' command is executed.
22:54:30 INFO  : Context for processor 'ps7_cortexa9_0' is selected.
22:54:30 INFO  : Processor reset is completed for 'ps7_cortexa9_0'.
22:54:30 INFO  : Context for processor 'ps7_cortexa9_0' is selected.
22:54:31 INFO  : The application 'D:/s181703/ZL04_IP2_181703_prj/ZL04_IP2_181703_prj.sdk/ZL04_SW_181703/Debug/ZL04_SW_181703.elf' is downloaded to processor 'ps7_cortexa9_0'.
22:54:31 INFO  : 'configparams force-mem-access 0' command is executed.
22:54:31 INFO  : ----------------XSDB Script----------------
connect -url tcp:127.0.0.1:3121
source D:/s181703/ZL04_IP2_181703_prj/ZL04_IP2_181703_prj.sdk/ZL04_Blk_181703_wrapper_hw_platform_0/ps7_init.tcl
targets -set -nocase -filter {name =~"APU*" && jtag_cable_name =~ "Digilent Zybo Z7 210351A77FABA"} -index 0
loadhw -hw D:/s181703/ZL04_IP2_181703_prj/ZL04_IP2_181703_prj.sdk/ZL04_Blk_181703_wrapper_hw_platform_0/system.hdf -mem-ranges [list {0x40000000 0xbfffffff}]
configparams force-mem-access 1
targets -set -nocase -filter {name =~"APU*" && jtag_cable_name =~ "Digilent Zybo Z7 210351A77FABA"} -index 0
stop
ps7_init
ps7_post_config
targets -set -nocase -filter {name =~ "ARM*#0" && jtag_cable_name =~ "Digilent Zybo Z7 210351A77FABA"} -index 0
rst -processor
targets -set -nocase -filter {name =~ "ARM*#0" && jtag_cable_name =~ "Digilent Zybo Z7 210351A77FABA"} -index 0
dow D:/s181703/ZL04_IP2_181703_prj/ZL04_IP2_181703_prj.sdk/ZL04_SW_181703/Debug/ZL04_SW_181703.elf
configparams force-mem-access 0
----------------End of Script----------------

22:54:31 INFO  : Context for processor 'ps7_cortexa9_0' is selected.
22:54:31 INFO  : 'con' command is executed.
22:54:31 INFO  : ----------------XSDB Script (After Launch)----------------
targets -set -nocase -filter {name =~ "ARM*#0" && jtag_cable_name =~ "Digilent Zybo Z7 210351A77FABA"} -index 0
con
----------------End of Script----------------

22:54:31 INFO  : Disconnected from the channel tcfchan#2.
