#-----------------------------------------------------------
# Vivado v2018.2 (64-bit)
# SW Build 2258646 on Thu Jun 14 20:03:12 MDT 2018
# IP Build 2256618 on Thu Jun 14 22:10:49 MDT 2018
# Start of session at: Sat Jan 23 21:03:08 2021
# Process ID: 2380
# Current directory: D:/s181703/ZL04_IP2_181703_prj
# Command line: vivado.exe -gui_launcher_event rodinguilauncherevent21644 D:\s181703\ZL04_IP2_181703_prj\ZL04_IP2_181703_prj.xpr
# Log file: D:/s181703/ZL04_IP2_181703_prj/vivado.log
# Journal file: D:/s181703/ZL04_IP2_181703_prj\vivado.jou
#-----------------------------------------------------------
start_gui
open_project D:/s181703/ZL04_IP2_181703_prj/ZL04_IP2_181703_prj.xpr
Scanning sources...
Finished scanning sources
INFO: [IP_Flow 19-234] Refreshing IP repositories
INFO: [IP_Flow 19-1700] Loaded user IP repository 'd:/s181703/IP_repo_20181703/ip_repo/led_btn_ip_1.0'.
INFO: [IP_Flow 19-2313] Loaded Vivado IP repository 'D:/Vivado/2018.2/data/ip'.
open_project: Time (s): cpu = 00:00:11 ; elapsed = 00:00:08 . Memory (MB): peak = 846.727 ; gain = 108.066
update_compile_order -fileset sources_1
