#-----------------------------------------------------------
# Vivado v2018.2 (64-bit)
# SW Build 2258646 on Thu Jun 14 20:03:12 MDT 2018
# IP Build 2256618 on Thu Jun 14 22:10:49 MDT 2018
# Start of session at: Sun Jan 24 02:06:31 2021
# Process ID: 3288
# Current directory: D:/s181703/IP_repo_20181703/managed_ip_project
# Command line: vivado.exe -gui_launcher_event rodinguilauncherevent20568 D:\s181703\IP_repo_20181703\managed_ip_project\managed_ip_project.xpr
# Log file: D:/s181703/IP_repo_20181703/managed_ip_project/vivado.log
# Journal file: D:/s181703/IP_repo_20181703/managed_ip_project\vivado.jou
#-----------------------------------------------------------
start_gui
open_project D:/s181703/IP_repo_20181703/managed_ip_project/managed_ip_project.xpr
Scanning sources...
Finished scanning sources
INFO: [IP_Flow 19-234] Refreshing IP repositories
INFO: [IP_Flow 19-1700] Loaded user IP repository 'd:/s181703/IP_repo_20181703/ip_repo/led_btn_ip_1.0'.
INFO: [IP_Flow 19-1700] Loaded user IP repository 'd:/s181703/IP_repo_20181703/ip_repo/led_ip_1.0'.
INFO: [IP_Flow 19-1700] Loaded user IP repository 'd:/s181703/IP_repo_20181703/ip_repo/template_1.0'.
INFO: [IP_Flow 19-2313] Loaded Vivado IP repository 'D:/Vivado/2018.2/data/ip'.
WARNING: [IP_Flow 19-2162] IP 'led_btn_ip_0' is locked:
* IP definition 'led_btn_ip_v1.0 (1.0)' for IP 'led_btn_ip_0' (customized with software release 2018.2) has a different revision in the IP Catalog.
Please select 'Report IP Status' from the 'Tools/Report' menu or run Tcl command 'report_ip_status' for more information.
open_project: Time (s): cpu = 00:00:07 ; elapsed = 00:00:05 . Memory (MB): peak = 826.008 ; gain = 75.031
ipx::edit_ip_in_project -upgrade true -name led_btn_ip_v1_0_project -directory D:/s181703/IP_repo_20181703/managed_ip_project/managed_ip_project.tmp/led_btn_ip_v1_0_project d:/s181703/IP_repo_20181703/ip_repo/led_btn_ip_1.0/component.xml
INFO: [ProjectBase 1-489] The host OS only allows 260 characters in a normal path. The project is stored in a path with more than 80 characters. If you experience issues with IP, Block Designs, or files not being found, please consider moving the project to a location with a shorter path. Alternately consider using the OS subst command to map part of the path to a drive letter.
Current project path is 'd:/s181703/ip_repo_20181703/managed_ip_project/managed_ip_project.tmp/led_btn_ip_v1_0_project'
INFO: [IP_Flow 19-234] Refreshing IP repositories
INFO: [IP_Flow 19-1704] No user IP repositories specified
INFO: [IP_Flow 19-2313] Loaded Vivado IP repository 'D:/Vivado/2018.2/data/ip'.
INFO: [IP_Flow 19-234] Refreshing IP repositories
INFO: [IP_Flow 19-1700] Loaded user IP repository 'd:/s181703/IP_repo_20181703/ip_repo/led_btn_ip_1.0'.
INFO: [IP_Flow 19-1700] Loaded user IP repository 'd:/s181703/IP_repo_20181703/ip_repo/led_ip_1.0'.
INFO: [IP_Flow 19-1700] Loaded user IP repository 'd:/s181703/IP_repo_20181703/ip_repo/template_1.0'.
INFO: [IP_Flow 19-795] Syncing license key meta-data
ipx::edit_ip_in_project: Time (s): cpu = 00:00:09 ; elapsed = 00:00:06 . Memory (MB): peak = 867.273 ; gain = 31.438
update_compile_order -fileset sources_1
close_project
exit
INFO: [Common 17-206] Exiting Vivado at Sun Jan 24 02:07:32 2021...
