22:24:34 INFO  : Registering command handlers for SDK TCF services
22:24:35 INFO  : Launching XSCT server: xsct.bat -interactive D:\s181703\ZL04_IP2_181703_prj\ZL04_IP2_181703_prj.sdk\temp_xsdb_launch_script.tcl
22:24:37 INFO  : XSCT server has started successfully.
22:24:37 INFO  : Successfully done setting XSCT server connection channel  
22:24:37 INFO  : Successfully done setting SDK workspace  
22:24:37 INFO  : Processing command line option -hwspec D:/s181703/ZL04_IP2_181703_prj/ZL04_IP2_181703_prj.sdk/ZL04_Blk_181703_wrapper.hdf.
22:36:34 INFO  : Connected to target on host '127.0.0.1' and port '3121'.
22:36:34 INFO  : 'targets -set -filter {jtag_cable_name =~ "Digilent Zybo Z7 210351A77FABA" && level==0} -index 1' command is executed.
22:36:35 INFO  : FPGA configured successfully with bitstream "D:/s181703/ZL04_IP2_181703_prj/ZL04_IP2_181703_prj.sdk/ZL04_Blk_181703_wrapper_hw_platform_0/ZL04_Blk_181703_wrapper.bit"
22:37:02 INFO  : 'targets -set -filter {jtag_cable_name =~ "Digilent Zybo Z7 210351A77FABA" && level==0} -index 1' command is executed.
22:37:02 INFO  : 'fpga -state' command is executed.
22:37:02 INFO  : Connected to target on host '127.0.0.1' and port '3121'.
22:37:02 INFO  : Jtag cable 'Digilent Zybo Z7 210351A77FABA' is selected.
22:37:02 INFO  : 'jtag frequency' command is executed.
22:37:02 INFO  : Sourcing of 'D:/s181703/ZL04_IP2_181703_prj/ZL04_IP2_181703_prj.sdk/ZL04_Blk_181703_wrapper_hw_platform_0/ps7_init.tcl' is done.
22:37:02 INFO  : Context for 'APU' is selected.
22:37:02 INFO  : Hardware design information is loaded from 'D:/s181703/ZL04_IP2_181703_prj/ZL04_IP2_181703_prj.sdk/ZL04_Blk_181703_wrapper_hw_platform_0/system.hdf'.
22:37:02 INFO  : 'configparams force-mem-access 1' command is executed.
22:37:02 INFO  : Context for 'APU' is selected.
22:37:02 INFO  : 'stop' command is executed.
22:37:02 INFO  : 'ps7_init' command is executed.
22:37:02 INFO  : 'ps7_post_config' command is executed.
22:37:02 INFO  : Context for processor 'ps7_cortexa9_0' is selected.
22:37:02 INFO  : Processor reset is completed for 'ps7_cortexa9_0'.
22:37:03 INFO  : Context for processor 'ps7_cortexa9_0' is selected.
22:37:03 INFO  : The application 'D:/s181703/ZL04_IP2_181703_prj/ZL04_IP2_181703_prj.sdk/ZL04_SW_181703/Debug/ZL04_SW_181703.elf' is downloaded to processor 'ps7_cortexa9_0'.
22:37:03 INFO  : 'configparams force-mem-access 0' command is executed.
22:37:03 INFO  : ----------------XSDB Script----------------
connect -url tcp:127.0.0.1:3121
source D:/s181703/ZL04_IP2_181703_prj/ZL04_IP2_181703_prj.sdk/ZL04_Blk_181703_wrapper_hw_platform_0/ps7_init.tcl
targets -set -nocase -filter {name =~"APU*" && jtag_cable_name =~ "Digilent Zybo Z7 210351A77FABA"} -index 0
loadhw -hw D:/s181703/ZL04_IP2_181703_prj/ZL04_IP2_181703_prj.sdk/ZL04_Blk_181703_wrapper_hw_platform_0/system.hdf -mem-ranges [list {0x40000000 0xbfffffff}]
configparams force-mem-access 1
targets -set -nocase -filter {name =~"APU*" && jtag_cable_name =~ "Digilent Zybo Z7 210351A77FABA"} -index 0
stop
ps7_init
ps7_post_config
targets -set -nocase -filter {name =~ "ARM*#0" && jtag_cable_name =~ "Digilent Zybo Z7 210351A77FABA"} -index 0
rst -processor
targets -set -nocase -filter {name =~ "ARM*#0" && jtag_cable_name =~ "Digilent Zybo Z7 210351A77FABA"} -index 0
dow D:/s181703/ZL04_IP2_181703_prj/ZL04_IP2_181703_prj.sdk/ZL04_SW_181703/Debug/ZL04_SW_181703.elf
configparams force-mem-access 0
----------------End of Script----------------

22:37:03 INFO  : Context for processor 'ps7_cortexa9_0' is selected.
22:37:03 INFO  : 'con' command is executed.
22:37:03 INFO  : ----------------XSDB Script (After Launch)----------------
targets -set -nocase -filter {name =~ "ARM*#0" && jtag_cable_name =~ "Digilent Zybo Z7 210351A77FABA"} -index 0
con
----------------End of Script----------------

22:37:03 INFO  : Disconnected from the channel tcfchan#1.
22:53:17 INFO  : Connected to target on host '127.0.0.1' and port '3121'.
22:53:19 INFO  : 'targets -set -filter {jtag_cable_name =~ "Digilent Zybo Z7 210351A77FABA" && level==0} -index 1' command is executed.
22:53:20 INFO  : FPGA configured successfully with bitstream "D:/s181703/ZL04_IP2_181703_prj/ZL04_IP2_181703_prj.sdk/ZL04_Blk_181703_wrapper_hw_platform_0/ZL04_Blk_181703_wrapper.bit"
22:54:29 INFO  : 'targets -set -filter {jtag_cable_name =~ "Digilent Zybo Z7 210351A77FABA" && level==0} -index 1' command is executed.
22:54:29 INFO  : 'fpga -state' command is executed.
22:54:29 INFO  : Connected to target on host '127.0.0.1' and port '3121'.
22:54:30 INFO  : Jtag cable 'Digilent Zybo Z7 210351A77FABA' is selected.
22:54:30 INFO  : 'jtag frequency' command is executed.
22:54:30 INFO  : Sourcing of 'D:/s181703/ZL04_IP2_181703_prj/ZL04_IP2_181703_prj.sdk/ZL04_Blk_181703_wrapper_hw_platform_0/ps7_init.tcl' is done.
22:54:30 INFO  : Context for 'APU' is selected.
22:54:30 INFO  : Hardware design information is loaded from 'D:/s181703/ZL04_IP2_181703_prj/ZL04_IP2_181703_prj.sdk/ZL04_Blk_181703_wrapper_hw_platform_0/system.hdf'.
22:54:30 INFO  : 'configparams force-mem-access 1' command is executed.
22:54:30 INFO  : Context for 'APU' is selected.
22:54:30 INFO  : 'stop' command is executed.
22:54:30 INFO  : 'ps7_init' command is executed.
22:54:30 INFO  : 'ps7_post_config' command is executed.
22:54:30 INFO  : Context for processor 'ps7_cortexa9_0' is selected.
22:54:30 INFO  : Processor reset is completed for 'ps7_cortexa9_0'.
22:54:30 INFO  : Context for processor 'ps7_cortexa9_0' is selected.
22:54:31 INFO  : The application 'D:/s181703/ZL04_IP2_181703_prj/ZL04_IP2_181703_prj.sdk/ZL04_SW_181703/Debug/ZL04_SW_181703.elf' is downloaded to processor 'ps7_cortexa9_0'.
22:54:31 INFO  : 'configparams force-mem-access 0' command is executed.
22:54:31 INFO  : ----------------XSDB Script----------------
connect -url tcp:127.0.0.1:3121
source D:/s181703/ZL04_IP2_181703_prj/ZL04_IP2_181703_prj.sdk/ZL04_Blk_181703_wrapper_hw_platform_0/ps7_init.tcl
targets -set -nocase -filter {name =~"APU*" && jtag_cable_name =~ "Digilent Zybo Z7 210351A77FABA"} -index 0
loadhw -hw D:/s181703/ZL04_IP2_181703_prj/ZL04_IP2_181703_prj.sdk/ZL04_Blk_181703_wrapper_hw_platform_0/system.hdf -mem-ranges [list {0x40000000 0xbfffffff}]
configparams force-mem-access 1
targets -set -nocase -filter {name =~"APU*" && jtag_cable_name =~ "Digilent Zybo Z7 210351A77FABA"} -index 0
stop
ps7_init
ps7_post_config
targets -set -nocase -filter {name =~ "ARM*#0" && jtag_cable_name =~ "Digilent Zybo Z7 210351A77FABA"} -index 0
rst -processor
targets -set -nocase -filter {name =~ "ARM*#0" && jtag_cable_name =~ "Digilent Zybo Z7 210351A77FABA"} -index 0
dow D:/s181703/ZL04_IP2_181703_prj/ZL04_IP2_181703_prj.sdk/ZL04_SW_181703/Debug/ZL04_SW_181703.elf
configparams force-mem-access 0
----------------End of Script----------------

22:54:31 INFO  : Context for processor 'ps7_cortexa9_0' is selected.
22:54:31 INFO  : 'con' command is executed.
22:54:31 INFO  : ----------------XSDB Script (After Launch)----------------
targets -set -nocase -filter {name =~ "ARM*#0" && jtag_cable_name =~ "Digilent Zybo Z7 210351A77FABA"} -index 0
con
----------------End of Script----------------

22:54:31 INFO  : Disconnected from the channel tcfchan#2.
14:34:27 INFO  : Registering command handlers for SDK TCF services
14:34:28 INFO  : Launching XSCT server: xsct.bat -interactive D:\s181703\s181703\s181703L04\ZL04_IP2_181703_prj\ZL04_IP2_181703_prj.sdk\temp_xsdb_launch_script.tcl
14:34:33 INFO  : XSCT server has started successfully.
14:34:39 INFO  : Successfully done setting XSCT server connection channel  
14:34:39 INFO  : Successfully done setting SDK workspace  
14:34:39 INFO  : Processing command line option -hwspec D:/s181703/s181703/s181703L04/ZL04_IP2_181703_prj/ZL04_IP2_181703_prj.sdk/ZL04_Blk_181703_wrapper.hdf.
17:12:33 INFO  : Launching XSCT server: xsct.bat -interactive D:\s181703\s181703\s181703L04\ZL04_IP2_181703_prj\ZL04_IP2_181703_prj.sdk\temp_xsdb_launch_script.tcl
17:12:36 INFO  : XSCT server has started successfully.
17:12:39 INFO  : Successfully done setting XSCT server connection channel  
17:12:39 INFO  : Successfully done setting SDK workspace  
17:12:42 INFO  : Registering command handlers for SDK TCF services
17:12:43 INFO  : Processing command line option -hwspec D:/s181703/s181703/s181703L04/ZL04_IP2_181703_prj/ZL04_IP2_181703_prj.sdk/ZL04_Blk_181703_wrapper.hdf.
17:12:43 INFO  : Checking for hwspec changes in the project ZL04_Blk_181703_wrapper_hw_platform_1.
17:14:22 INFO  : 'targets -set -filter {jtag_cable_name =~ "Digilent Zybo Z7 210351A77FA7A" && level==0} -index 1' command is executed.
17:14:22 INFO  : 'fpga -state' command is executed.
17:14:28 INFO  : Connected to target on host '127.0.0.1' and port '3121'.
17:14:28 INFO  : Jtag cable 'Digilent Zybo Z7 210351A77FA7A' is selected.
17:14:28 INFO  : 'jtag frequency' command is executed.
17:14:28 INFO  : Sourcing of 'D:/s181703/s181703/s181703L04/ZL04_IP2_181703_prj/ZL04_IP2_181703_prj.sdk/ZL04_Blk_181703_wrapper_hw_platform_0/ps7_init.tcl' is done.
17:14:28 INFO  : Context for 'APU' is selected.
17:14:28 INFO  : Hardware design information is loaded from 'D:/s181703/s181703/s181703L04/ZL04_IP2_181703_prj/ZL04_IP2_181703_prj.sdk/ZL04_Blk_181703_wrapper_hw_platform_0/system.hdf'.
17:14:28 INFO  : 'configparams force-mem-access 1' command is executed.
17:14:29 INFO  : Context for 'APU' is selected.
17:14:29 INFO  : 'stop' command is executed.
17:14:30 INFO  : 'ps7_init' command is executed.
17:14:30 INFO  : 'ps7_post_config' command is executed.
17:14:30 INFO  : Context for processor 'ps7_cortexa9_0' is selected.
17:14:30 INFO  : Processor reset is completed for 'ps7_cortexa9_0'.
17:14:30 INFO  : Context for processor 'ps7_cortexa9_0' is selected.
17:14:30 INFO  : The application 'D:/s181703/s181703/s181703L04/ZL04_IP2_181703_prj/ZL04_IP2_181703_prj.sdk/ZL04_SW_181703/Debug/ZL04_SW_181703.elf' is downloaded to processor 'ps7_cortexa9_0'.
17:14:30 INFO  : 'configparams force-mem-access 0' command is executed.
17:14:30 INFO  : ----------------XSDB Script----------------
connect -url tcp:127.0.0.1:3121
source D:/s181703/s181703/s181703L04/ZL04_IP2_181703_prj/ZL04_IP2_181703_prj.sdk/ZL04_Blk_181703_wrapper_hw_platform_0/ps7_init.tcl
targets -set -nocase -filter {name =~"APU*" && jtag_cable_name =~ "Digilent Zybo Z7 210351A77FA7A"} -index 0
loadhw -hw D:/s181703/s181703/s181703L04/ZL04_IP2_181703_prj/ZL04_IP2_181703_prj.sdk/ZL04_Blk_181703_wrapper_hw_platform_0/system.hdf -mem-ranges [list {0x40000000 0xbfffffff}]
configparams force-mem-access 1
targets -set -nocase -filter {name =~"APU*" && jtag_cable_name =~ "Digilent Zybo Z7 210351A77FA7A"} -index 0
stop
ps7_init
ps7_post_config
targets -set -nocase -filter {name =~ "ARM*#0" && jtag_cable_name =~ "Digilent Zybo Z7 210351A77FA7A"} -index 0
rst -processor
targets -set -nocase -filter {name =~ "ARM*#0" && jtag_cable_name =~ "Digilent Zybo Z7 210351A77FA7A"} -index 0
dow D:/s181703/s181703/s181703L04/ZL04_IP2_181703_prj/ZL04_IP2_181703_prj.sdk/ZL04_SW_181703/Debug/ZL04_SW_181703.elf
configparams force-mem-access 0
----------------End of Script----------------

17:14:30 INFO  : Context for processor 'ps7_cortexa9_0' is selected.
17:14:30 INFO  : 'con' command is executed.
17:14:30 INFO  : ----------------XSDB Script (After Launch)----------------
targets -set -nocase -filter {name =~ "ARM*#0" && jtag_cable_name =~ "Digilent Zybo Z7 210351A77FA7A"} -index 0
con
----------------End of Script----------------

17:14:30 INFO  : Disconnected from the channel tcfchan#1.
17:22:57 INFO  : Registering command handlers for SDK TCF services
17:22:58 INFO  : Launching XSCT server: xsct.bat -interactive D:\s181703\s181703\s181703L04\ZL04_IP2_181703_prj\ZL04_IP2_181703_prj.sdk\temp_xsdb_launch_script.tcl
17:23:00 INFO  : XSCT server has started successfully.
17:23:00 INFO  : Successfully done setting XSCT server connection channel  
17:23:00 INFO  : Successfully done setting SDK workspace  
17:23:00 INFO  : Processing command line option -hwspec D:/s181703/s181703/s181703L04/ZL04_IP2_181703_prj/ZL04_IP2_181703_prj.sdk/ZL04_Blk_181703_wrapper.hdf.
17:23:00 INFO  : Checking for hwspec changes in the project ZL04_Blk_181703_wrapper_hw_platform_1.
17:23:05 INFO  : SDK has detected change in the last modified timestamps for source hardware specification file Source:1608625030588,  Project:1608416569000
17:23:05 INFO  : The hardware specification for project 'ZL04_Blk_181703_wrapper_hw_platform_1' is different from D:/s181703/s181703/s181703L04/ZL04_IP2_181703_prj/ZL04_IP2_181703_prj.sdk/ZL04_Blk_181703_wrapper.hdf.
17:23:05 INFO  : Copied contents of D:/s181703/s181703/s181703L04/ZL04_IP2_181703_prj/ZL04_IP2_181703_prj.sdk/ZL04_Blk_181703_wrapper.hdf into \ZL04_Blk_181703_wrapper_hw_platform_1\system.hdf.
17:23:08 INFO  : Synchronizing projects in the workspace with the hardware platform specification changes.
17:23:08 INFO  : Clearing existing target manager status.
17:23:08 INFO  : Workspace synchronized with the new hardware specification file. Cleaning dependent projects...
17:23:08 WARN  : Linker script will not be updated automatically. Users need to update it manually.
17:23:38 INFO  : 'targets -set -filter {jtag_cable_name =~ "Digilent Zybo Z7 210351A77FA7A" && level==0} -index 1' command is executed.
17:23:38 INFO  : 'fpga -state' command is executed.
17:23:41 INFO  : Connected to target on host '127.0.0.1' and port '3121'.
17:23:41 INFO  : Jtag cable 'Digilent Zybo Z7 210351A77FA7A' is selected.
17:23:41 INFO  : 'jtag frequency' command is executed.
17:23:41 INFO  : Sourcing of 'D:/s181703/s181703/s181703L04/ZL04_IP2_181703_prj/ZL04_IP2_181703_prj.sdk/ZL04_Blk_181703_wrapper_hw_platform_0/ps7_init.tcl' is done.
17:23:42 INFO  : Context for 'APU' is selected.
17:23:42 INFO  : Hardware design information is loaded from 'D:/s181703/s181703/s181703L04/ZL04_IP2_181703_prj/ZL04_IP2_181703_prj.sdk/ZL04_Blk_181703_wrapper_hw_platform_0/system.hdf'.
17:23:42 INFO  : 'configparams force-mem-access 1' command is executed.
17:23:42 INFO  : Context for 'APU' is selected.
17:23:43 INFO  : 'stop' command is executed.
17:23:43 INFO  : 'ps7_init' command is executed.
17:23:43 INFO  : 'ps7_post_config' command is executed.
17:23:44 INFO  : Context for processor 'ps7_cortexa9_0' is selected.
17:23:44 INFO  : Processor reset is completed for 'ps7_cortexa9_0'.
17:23:45 INFO  : Context for processor 'ps7_cortexa9_0' is selected.
17:23:45 INFO  : The application 'D:/s181703/s181703/s181703L04/ZL04_IP2_181703_prj/ZL04_IP2_181703_prj.sdk/ZL04_SW_181703/Debug/ZL04_SW_181703.elf' is downloaded to processor 'ps7_cortexa9_0'.
17:23:45 INFO  : 'configparams force-mem-access 0' command is executed.
17:23:45 INFO  : ----------------XSDB Script----------------
connect -url tcp:127.0.0.1:3121
source D:/s181703/s181703/s181703L04/ZL04_IP2_181703_prj/ZL04_IP2_181703_prj.sdk/ZL04_Blk_181703_wrapper_hw_platform_0/ps7_init.tcl
targets -set -nocase -filter {name =~"APU*" && jtag_cable_name =~ "Digilent Zybo Z7 210351A77FA7A"} -index 0
loadhw -hw D:/s181703/s181703/s181703L04/ZL04_IP2_181703_prj/ZL04_IP2_181703_prj.sdk/ZL04_Blk_181703_wrapper_hw_platform_0/system.hdf -mem-ranges [list {0x40000000 0xbfffffff}]
configparams force-mem-access 1
targets -set -nocase -filter {name =~"APU*" && jtag_cable_name =~ "Digilent Zybo Z7 210351A77FA7A"} -index 0
stop
ps7_init
ps7_post_config
targets -set -nocase -filter {name =~ "ARM*#0" && jtag_cable_name =~ "Digilent Zybo Z7 210351A77FA7A"} -index 0
rst -processor
targets -set -nocase -filter {name =~ "ARM*#0" && jtag_cable_name =~ "Digilent Zybo Z7 210351A77FA7A"} -index 0
dow D:/s181703/s181703/s181703L04/ZL04_IP2_181703_prj/ZL04_IP2_181703_prj.sdk/ZL04_SW_181703/Debug/ZL04_SW_181703.elf
configparams force-mem-access 0
----------------End of Script----------------

17:23:46 INFO  : Context for processor 'ps7_cortexa9_0' is selected.
17:23:46 INFO  : 'con' command is executed.
17:23:46 INFO  : ----------------XSDB Script (After Launch)----------------
targets -set -nocase -filter {name =~ "ARM*#0" && jtag_cable_name =~ "Digilent Zybo Z7 210351A77FA7A"} -index 0
con
----------------End of Script----------------

17:23:46 INFO  : Disconnected from the channel tcfchan#1.
17:24:17 INFO  : Connected to target on host '127.0.0.1' and port '3121'.
17:24:19 INFO  : 'targets -set -filter {jtag_cable_name =~ "Digilent Zybo Z7 210351A77FA7A" && level==0} -index 1' command is executed.
17:24:21 INFO  : FPGA configured successfully with bitstream "D:/s181703/s181703/s181703L04/ZL04_IP2_181703_prj/ZL04_IP2_181703_prj.sdk/ZL04_Blk_181703_wrapper_hw_platform_0/ZL04_Blk_181703_wrapper.bit"
