#-----------------------------------------------------------
# Vivado v2018.2 (64-bit)
# SW Build 2258646 on Thu Jun 14 20:03:12 MDT 2018
# IP Build 2256618 on Thu Jun 14 22:10:49 MDT 2018
# Start of session at: Thu Dec  3 22:40:46 2020
# Process ID: 25796
# Current directory: D:/s181703/s181703HW07/s181703VL
# Command line: vivado.exe -gui_launcher_event rodinguilauncherevent6044 D:\s181703\s181703HW07\s181703VL\s181703VL.xpr
# Log file: D:/s181703/s181703HW07/s181703VL/vivado.log
# Journal file: D:/s181703/s181703HW07/s181703VL\vivado.jou
#-----------------------------------------------------------
start_gui
open_project D:/s181703/s181703HW07/s181703VL/s181703VL.xpr
INFO: [Project 1-313] Project file moved from 'D:/s181703/s181703VL' since last save.
Scanning sources...
Finished scanning sources
INFO: [IP_Flow 19-234] Refreshing IP repositories
INFO: [IP_Flow 19-1704] No user IP repositories specified
INFO: [IP_Flow 19-2313] Loaded Vivado IP repository 'D:/Vivado/2018.2/data/ip'.
open_project: Time (s): cpu = 00:00:09 ; elapsed = 00:00:06 . Memory (MB): peak = 819.641 ; gain = 138.613
update_compile_order -fileset sources_1
launch_simulation
INFO: [Vivado 12-5682] Launching behavioral simulation in 'D:/s181703/s181703HW07/s181703VL/s181703VL.sim/sim_1/behav/xsim'
INFO: [SIM-utils-51] Simulation object is 'sim_1'
INFO: [SIM-utils-54] Inspecting design source files for 'TFF_3bits_fileIO_tb' in fileset 'sim_1'...
INFO: [USF-XSim-97] Finding global include files...
INFO: [USF-XSim-98] Fetching design files from 'sim_1'...
INFO: [USF-XSim-2] XSim::Compile design
INFO: [USF-XSim-61] Executing 'COMPILE and ANALYZE' step in 'D:/s181703/s181703HW07/s181703VL/s181703VL.sim/sim_1/behav/xsim'
"xvlog --incr --relax -prj TFF_3bits_fileIO_tb_vlog.prj"
INFO: [VRFC 10-2263] Analyzing Verilog file "D:/s181703/s181703HW07/s181703VL/s181703VL.v" into library xil_defaultlib
INFO: [VRFC 10-311] analyzing module TFF_3bits
INFO: [VRFC 10-2263] Analyzing Verilog file "D:/s181703/s181703HW07/s181703VL/s181703_tb.v" into library xil_defaultlib
INFO: [VRFC 10-311] analyzing module TFF_3bits_fileIO_tb
INFO: [VRFC 10-2263] Analyzing Verilog file "D:/s181703/s181703HW07/s181703VL/s181703VL.sim/sim_1/behav/xsim/glbl.v" into library xil_defaultlib
INFO: [VRFC 10-311] analyzing module glbl
INFO: [USF-XSim-69] 'compile' step finished in '1' seconds
INFO: [USF-XSim-3] XSim::Elaborate design
INFO: [USF-XSim-61] Executing 'ELABORATE' step in 'D:/s181703/s181703HW07/s181703VL/s181703VL.sim/sim_1/behav/xsim'
Vivado Simulator 2018.2
Copyright 1986-1999, 2001-2018 Xilinx, Inc. All Rights Reserved.
Running: D:/Vivado/2018.2/bin/unwrapped/win64.o/xelab.exe -wto b1f2e672aed544f6936927df473ce8bc --incr --debug typical --relax --mt 2 -L xil_defaultlib -L unisims_ver -L unimacro_ver -L secureip --snapshot TFF_3bits_fileIO_tb_behav xil_defaultlib.TFF_3bits_fileIO_tb xil_defaultlib.glbl -log elaborate.log 
Using 2 slave threads.
Starting static elaboration
Completed static elaboration
Starting simulation data flow analysis
Completed simulation data flow analysis
Time Resolution for simulation is 1ps
Compiling module xil_defaultlib.TFF_3bits
Compiling module xil_defaultlib.TFF_3bits_fileIO_tb
Compiling module xil_defaultlib.glbl
Built simulation snapshot TFF_3bits_fileIO_tb_behav

****** Webtalk v2018.2 (64-bit)
  **** SW Build 2258646 on Thu Jun 14 20:03:12 MDT 2018
  **** IP Build 2256618 on Thu Jun 14 22:10:49 MDT 2018
    ** Copyright 1986-2018 Xilinx, Inc. All Rights Reserved.

source D:/s181703/s181703HW07/s181703VL/s181703VL.sim/sim_1/behav/xsim/xsim.dir/TFF_3bits_fileIO_tb_behav/webtalk/xsim_webtalk.tcl -notrace
INFO: [Common 17-206] Exiting Webtalk at Thu Dec  3 22:41:47 2020...
INFO: [USF-XSim-69] 'elaborate' step finished in '5' seconds
INFO: [USF-XSim-4] XSim::Simulate design
INFO: [USF-XSim-61] Executing 'SIMULATE' step in 'D:/s181703/s181703HW07/s181703VL/s181703VL.sim/sim_1/behav/xsim'
INFO: [USF-XSim-98] *** Running xsim
   with args "TFF_3bits_fileIO_tb_behav -key {Behavioral:sim_1:Functional:TFF_3bits_fileIO_tb} -tclbatch {TFF_3bits_fileIO_tb.tcl} -log {simulate.log}"
INFO: [USF-XSim-8] Loading simulator feature
Vivado Simulator 2018.2
Time resolution is 1 ps
source TFF_3bits_fileIO_tb.tcl
# set curr_wave [current_wave_config]
# if { [string length $curr_wave] == 0 } {
#   if { [llength [get_objects]] > 0} {
#     add_wave /
#     set_property needs_save false [current_wave_config]
#   } else {
#      send_msg_id Add_Wave-1 WARNING "No top level signals found. Simulator will start without a wave window. If you want to open a wave window go to 'File->New Waveform Configuration' or type 'create_wave_config' in the TCL console."
#   }
# }
# run 1000ns
End of Simulation
INFO: [USF-XSim-96] XSim completed. Design snapshot 'TFF_3bits_fileIO_tb_behav' loaded.
INFO: [USF-XSim-97] XSim simulation ran for 1000ns
launch_simulation: Time (s): cpu = 00:00:06 ; elapsed = 00:00:09 . Memory (MB): peak = 845.426 ; gain = 17.293
open_wave_config {D:/s181703/s181703HW07/s181703SM/s181703W.wcfg}
run all
close_sim
INFO: [Simtcl 6-16] Simulation closed
launch_simulation
INFO: [Vivado 12-5682] Launching behavioral simulation in 'D:/s181703/s181703HW07/s181703VL/s181703VL.sim/sim_1/behav/xsim'
INFO: [SIM-utils-51] Simulation object is 'sim_1'
INFO: [SIM-utils-54] Inspecting design source files for 'TFF_3bits_fileIO_tb' in fileset 'sim_1'...
INFO: [USF-XSim-97] Finding global include files...
INFO: [USF-XSim-98] Fetching design files from 'sim_1'...
INFO: [USF-XSim-2] XSim::Compile design
INFO: [USF-XSim-61] Executing 'COMPILE and ANALYZE' step in 'D:/s181703/s181703HW07/s181703VL/s181703VL.sim/sim_1/behav/xsim'
"xvlog --incr --relax -prj TFF_3bits_fileIO_tb_vlog.prj"
INFO: [USF-XSim-69] 'compile' step finished in '2' seconds
INFO: [USF-XSim-3] XSim::Elaborate design
INFO: [USF-XSim-61] Executing 'ELABORATE' step in 'D:/s181703/s181703HW07/s181703VL/s181703VL.sim/sim_1/behav/xsim'
Vivado Simulator 2018.2
Copyright 1986-1999, 2001-2018 Xilinx, Inc. All Rights Reserved.
Running: D:/Vivado/2018.2/bin/unwrapped/win64.o/xelab.exe -wto b1f2e672aed544f6936927df473ce8bc --incr --debug typical --relax --mt 2 -L xil_defaultlib -L unisims_ver -L unimacro_ver -L secureip --snapshot TFF_3bits_fileIO_tb_behav xil_defaultlib.TFF_3bits_fileIO_tb xil_defaultlib.glbl -log elaborate.log 
Using 2 slave threads.
Starting static elaboration
Completed static elaboration
INFO: [XSIM 43-4323] No Change in HDL. Linking previously generated obj files to create kernel
INFO: [USF-XSim-69] 'elaborate' step finished in '1' seconds
INFO: [USF-XSim-4] XSim::Simulate design
INFO: [USF-XSim-61] Executing 'SIMULATE' step in 'D:/s181703/s181703HW07/s181703VL/s181703VL.sim/sim_1/behav/xsim'
INFO: [USF-XSim-98] *** Running xsim
   with args "TFF_3bits_fileIO_tb_behav -key {Behavioral:sim_1:Functional:TFF_3bits_fileIO_tb} -tclbatch {TFF_3bits_fileIO_tb.tcl} -log {simulate.log}"
INFO: [USF-XSim-8] Loading simulator feature
Vivado Simulator 2018.2
Time resolution is 1 ps
source TFF_3bits_fileIO_tb.tcl
# set curr_wave [current_wave_config]
# if { [string length $curr_wave] == 0 } {
#   if { [llength [get_objects]] > 0} {
#     add_wave /
#     set_property needs_save false [current_wave_config]
#   } else {
#      send_msg_id Add_Wave-1 WARNING "No top level signals found. Simulator will start without a wave window. If you want to open a wave window go to 'File->New Waveform Configuration' or type 'create_wave_config' in the TCL console."
#   }
# }
# run 1000ns
End of Simulation
INFO: [USF-XSim-96] XSim completed. Design snapshot 'TFF_3bits_fileIO_tb_behav' loaded.
INFO: [USF-XSim-97] XSim simulation ran for 1000ns
open_wave_config {D:/s181703/s181703HW07/s181703SM/s181703W.wcfg}
run all
close_sim
INFO: [Simtcl 6-16] Simulation closed
launch_simulation
INFO: [Vivado 12-5682] Launching behavioral simulation in 'D:/s181703/s181703HW07/s181703VL/s181703VL.sim/sim_1/behav/xsim'
INFO: [SIM-utils-51] Simulation object is 'sim_1'
INFO: [SIM-utils-54] Inspecting design source files for 'TFF_3bits_fileIO_tb' in fileset 'sim_1'...
INFO: [USF-XSim-97] Finding global include files...
INFO: [USF-XSim-98] Fetching design files from 'sim_1'...
INFO: [USF-XSim-2] XSim::Compile design
INFO: [USF-XSim-61] Executing 'COMPILE and ANALYZE' step in 'D:/s181703/s181703HW07/s181703VL/s181703VL.sim/sim_1/behav/xsim'
"xvlog --incr --relax -prj TFF_3bits_fileIO_tb_vlog.prj"
INFO: [USF-XSim-69] 'compile' step finished in '1' seconds
INFO: [USF-XSim-3] XSim::Elaborate design
INFO: [USF-XSim-61] Executing 'ELABORATE' step in 'D:/s181703/s181703HW07/s181703VL/s181703VL.sim/sim_1/behav/xsim'
Vivado Simulator 2018.2
Copyright 1986-1999, 2001-2018 Xilinx, Inc. All Rights Reserved.
Running: D:/Vivado/2018.2/bin/unwrapped/win64.o/xelab.exe -wto b1f2e672aed544f6936927df473ce8bc --incr --debug typical --relax --mt 2 -L xil_defaultlib -L unisims_ver -L unimacro_ver -L secureip --snapshot TFF_3bits_fileIO_tb_behav xil_defaultlib.TFF_3bits_fileIO_tb xil_defaultlib.glbl -log elaborate.log 
Using 2 slave threads.
Starting static elaboration
Completed static elaboration
INFO: [XSIM 43-4323] No Change in HDL. Linking previously generated obj files to create kernel
INFO: [USF-XSim-69] 'elaborate' step finished in '1' seconds
INFO: [USF-XSim-4] XSim::Simulate design
INFO: [USF-XSim-61] Executing 'SIMULATE' step in 'D:/s181703/s181703HW07/s181703VL/s181703VL.sim/sim_1/behav/xsim'
INFO: [USF-XSim-98] *** Running xsim
   with args "TFF_3bits_fileIO_tb_behav -key {Behavioral:sim_1:Functional:TFF_3bits_fileIO_tb} -tclbatch {TFF_3bits_fileIO_tb.tcl} -log {simulate.log}"
INFO: [USF-XSim-8] Loading simulator feature
Vivado Simulator 2018.2
Time resolution is 1 ps
source TFF_3bits_fileIO_tb.tcl
# set curr_wave [current_wave_config]
# if { [string length $curr_wave] == 0 } {
#   if { [llength [get_objects]] > 0} {
#     add_wave /
#     set_property needs_save false [current_wave_config]
#   } else {
#      send_msg_id Add_Wave-1 WARNING "No top level signals found. Simulator will start without a wave window. If you want to open a wave window go to 'File->New Waveform Configuration' or type 'create_wave_config' in the TCL console."
#   }
# }
# run 1000ns
End of Simulation
INFO: [USF-XSim-96] XSim completed. Design snapshot 'TFF_3bits_fileIO_tb_behav' loaded.
INFO: [USF-XSim-97] XSim simulation ran for 1000ns
close_sim
INFO: [Simtcl 6-16] Simulation closed
exit
INFO: [Common 17-206] Exiting Vivado at Thu Dec  3 23:08:33 2020...
