#-----------------------------------------------------------
# Vivado v2018.2 (64-bit)
# SW Build 2258646 on Thu Jun 14 20:03:12 MDT 2018
# IP Build 2256618 on Thu Jun 14 22:10:49 MDT 2018
# Start of session at: Sat Nov 28 19:31:14 2020
# Process ID: 25208
# Current directory: D:/s181703/s181703HW07/s181703VL
# Command line: vivado.exe -gui_launcher_event rodinguilauncherevent6768 D:\s181703\s181703HW07\s181703VL\s181703VL.xpr
# Log file: D:/s181703/s181703HW07/s181703VL/vivado.log
# Journal file: D:/s181703/s181703HW07/s181703VL\vivado.jou
#-----------------------------------------------------------
start_gui
open_project D:/s181703/s181703HW07/s181703VL/s181703VL.xpr
INFO: [Project 1-313] Project file moved from 'D:/s181703/s181703VL' since last save.
Scanning sources...
Finished scanning sources
INFO: [IP_Flow 19-234] Refreshing IP repositories
INFO: [IP_Flow 19-1704] No user IP repositories specified
INFO: [IP_Flow 19-2313] Loaded Vivado IP repository 'D:/Vivado/2018.2/data/ip'.
update_compile_order -fileset sources_1
