#-----------------------------------------------------------
# Webtalk v2018.2 (64-bit)
# SW Build 2258646 on Thu Jun 14 20:03:12 MDT 2018
# 
# Start of session at: Tue Dec  8 01:18:17 2020
# Process ID: 8724
# Current directory: D:/s181703/ZL02_LED2_181703_prj/ZL02_LED2_181703_prj.sdk/webtalk
# Command line: wbtcv.exe -mode batch -source sdk_webtalk.tcl
# Log file: D:/s181703/ZL02_LED2_181703_prj/ZL02_LED2_181703_prj.sdk/webtalk/webtalk.log
# Journal file: D:/s181703/ZL02_LED2_181703_prj/ZL02_LED2_181703_prj.sdk/webtalk\webtalk.jou
#-----------------------------------------------------------
source sdk_webtalk.tcl
# webtalk_init -webtalk_dir D:\\s181703\\ZL02_LED2_181703_prj\\ZL02_LED2_181703_prj.sdk\\webtalk
# webtalk_register_client -client project
# webtalk_add_data -client project -key date_generated -value "2020-12-08 01:18:16" -context "software_version_and_target_device"
# webtalk_add_data -client project -key product_version -value "SDK v2018.2" -context "software_version_and_target_device"
# webtalk_add_data -client project -key build_version -value "2018.2" -context "software_version_and_target_device"
# webtalk_add_data -client project -key os_platform -value "amd64" -context "software_version_and_target_device"
# webtalk_add_data -client project -key registration_id -value "" -context "software_version_and_target_device"
# webtalk_add_data -client project -key tool_flow -value "SDK" -context "software_version_and_target_device"
# webtalk_add_data -client project -key beta -value "false" -context "software_version_and_target_device"
# webtalk_add_data -client project -key route_design -value "NA" -context "software_version_and_target_device"
# webtalk_add_data -client project -key target_family -value "NA" -context "software_version_and_target_device"
# webtalk_add_data -client project -key target_device -value "NA" -context "software_version_and_target_device"
# webtalk_add_data -client project -key target_package -value "NA" -context "software_version_and_target_device"
# webtalk_add_data -client project -key target_speed -value "NA" -context "software_version_and_target_device"
# webtalk_add_data -client project -key random_id -value "sm2ps53so7er3fe597u4aft1g0" -context "software_version_and_target_device"
# webtalk_add_data -client project -key project_id -value "2018.2_2" -context "software_version_and_target_device"
# webtalk_add_data -client project -key project_iteration -value "2" -context "software_version_and_target_device"
# webtalk_add_data -client project -key os_name -value "Microsoft Windows 8 or later , 64-bit" -context "user_environment"
# webtalk_add_data -client project -key os_release -value "major release  (build 9200)" -context "user_environment"
# webtalk_add_data -client project -key cpu_name -value "Intel(R) Core(TM) i7-8750H CPU @ 2.20GHz" -context "user_environment"
# webtalk_add_data -client project -key cpu_speed -value "2208 MHz" -context "user_environment"
# webtalk_add_data -client project -key total_processors -value "1" -context "user_environment"
# webtalk_add_data -client project -key system_ram -value "17.015 GB" -context "user_environment"
# webtalk_register_client -client sdk
# webtalk_add_data -client sdk -key uid -value "1607356458093" -context "sdk\\\\hardware/1607356458093"
# webtalk_add_data -client sdk -key isZynq -value "true" -context "sdk\\\\hardware/1607356458093"
# webtalk_add_data -client sdk -key isZynqMP -value "false" -context "sdk\\\\hardware/1607356458093"
# webtalk_add_data -client sdk -key Processors -value "2" -context "sdk\\\\hardware/1607356458093"
# webtalk_add_data -client sdk -key VivadoVersion -value "2018.2" -context "sdk\\\\hardware/1607356458093"
# webtalk_add_data -client sdk -key Arch -value "zynq" -context "sdk\\\\hardware/1607356458093"
# webtalk_add_data -client sdk -key Device -value "7z010" -context "sdk\\\\hardware/1607356458093"
# webtalk_add_data -client sdk -key IsHandoff -value "true" -context "sdk\\\\hardware/1607356458093"
# webtalk_add_data -client sdk -key os -value "NA" -context "sdk\\\\hardware/1607356458093"
# webtalk_add_data -client sdk -key apptemplate -value "NA" -context "sdk\\\\hardware/1607356458093"
# webtalk_add_data -client sdk -key RecordType -value "HWCreation" -context "sdk\\\\hardware/1607356458093"
# webtalk_add_data -client sdk -key uid -value "1607356508567" -context "sdk\\\\bsp/1607356508567"
# webtalk_add_data -client sdk -key hwid -value "1607356458093" -context "sdk\\\\bsp/1607356508567"
# webtalk_add_data -client sdk -key os -value "standalone" -context "sdk\\\\bsp/1607356508567"
# webtalk_add_data -client sdk -key apptemplate -value "empty_application" -context "sdk\\\\bsp/1607356508567"
# webtalk_add_data -client sdk -key RecordType -value "BSPCreation" -context "sdk\\\\bsp/1607356508567"
# webtalk_add_data -client sdk -key uid -value "1607356512626" -context "sdk\\\\application/1607356512626"
# webtalk_add_data -client sdk -key hwid -value "1607356458093" -context "sdk\\\\application/1607356512626"
# webtalk_add_data -client sdk -key bspid -value "1607356508567" -context "sdk\\\\application/1607356512626"
# webtalk_add_data -client sdk -key newbsp -value "true" -context "sdk\\\\application/1607356512626"
# webtalk_add_data -client sdk -key os -value "standalone" -context "sdk\\\\application/1607356512626"
# webtalk_add_data -client sdk -key apptemplate -value "empty_application" -context "sdk\\\\application/1607356512626"
# webtalk_add_data -client sdk -key RecordType -value "APPCreation" -context "sdk\\\\application/1607356512626"
# webtalk_add_data -client sdk -key LangUsed -value "C" -context "sdk\\\\application/1607356512626"
# webtalk_add_data -client sdk -key Procused -value "ps7_cortexa9" -context "sdk\\\\application/1607356512626"
# webtalk_add_data -client sdk -key projSize -value "259.62890625" -context "sdk\\\\application/1607356512626"
# webtalk_add_data -client sdk -key uid -value "NA" -context "sdk\\\\bsp/1607357896635"
# webtalk_add_data -client sdk -key RecordType -value "ToolUsage" -context "sdk\\\\bsp/1607357896635"
# webtalk_add_data -client sdk -key BootgenCount -value "0" -context "sdk\\\\bsp/1607357896635"
# webtalk_add_data -client sdk -key DebugCount -value "0" -context "sdk\\\\bsp/1607357896635"
# webtalk_add_data -client sdk -key PerfCount -value "0" -context "sdk\\\\bsp/1607357896635"
# webtalk_add_data -client sdk -key FlashCount -value "0" -context "sdk\\\\bsp/1607357896635"
# webtalk_add_data -client sdk -key CrossTriggCount -value "0" -context "sdk\\\\bsp/1607357896635"
# webtalk_add_data -client sdk -key QemuDebugCount -value "0" -context "sdk\\\\bsp/1607357896635"
# webtalk_transmit -clientid 351161090 -regid "" -xml D:\\s181703\\ZL02_LED2_181703_prj\\ZL02_LED2_181703_prj.sdk\\webtalk\\usage_statistics_ext_sdk.xml -html D:\\s181703\\ZL02_LED2_181703_prj\\ZL02_LED2_181703_prj.sdk\\webtalk\\usage_statistics_ext_sdk.html -wdm D:\\s181703\\ZL02_LED2_181703_prj\\ZL02_LED2_181703_prj.sdk\\webtalk\\sdk_webtalk.wdm -intro "<H3>SDK Usage Report</H3><BR>"
# webtalk_terminate
INFO: [Common 17-206] Exiting Webtalk at Tue Dec  8 01:18:22 2020...
