#-----------------------------------------------------------
# Vivado v2018.2 (64-bit)
# SW Build 2258646 on Thu Jun 14 20:03:12 MDT 2018
# IP Build 2256618 on Thu Jun 14 22:10:49 MDT 2018
# Start of session at: Sat Dec 19 20:48:44 2020
# Process ID: 11552
# Current directory: D:/s181703/IP_repo_20181703/managed_ip_project/managed_ip_project.tmp/led_ip_v1_0_project
# Command line: vivado.exe -gui_launcher_event rodinguilauncherevent1540 D:\s181703\IP_repo_20181703\managed_ip_project\managed_ip_project.tmp\led_ip_v1_0_project\led_ip_v1_0_project.xpr
# Log file: D:/s181703/IP_repo_20181703/managed_ip_project/managed_ip_project.tmp/led_ip_v1_0_project/vivado.log
# Journal file: D:/s181703/IP_repo_20181703/managed_ip_project/managed_ip_project.tmp/led_ip_v1_0_project\vivado.jou
#-----------------------------------------------------------
start_gui
open_project D:/s181703/IP_repo_20181703/managed_ip_project/managed_ip_project.tmp/led_ip_v1_0_project/led_ip_v1_0_project.xpr
INFO: [ProjectBase 1-489] The host OS only allows 260 characters in a normal path. The project is stored in a path with more than 80 characters. If you experience issues with IP, Block Designs, or files not being found, please consider moving the project to a location with a shorter path. Alternately consider using the OS subst command to map part of the path to a drive letter.
Current project path is 'D:/s181703/IP_repo_20181703/managed_ip_project/managed_ip_project.tmp/led_ip_v1_0_project'
Scanning sources...
Finished scanning sources
INFO: [IP_Flow 19-234] Refreshing IP repositories
INFO: [IP_Flow 19-1700] Loaded user IP repository 'd:/s181703/IP_repo_20181703/ip_repo/led_ip_1.0'.
INFO: [IP_Flow 19-1700] Loaded user IP repository 'd:/s181703/IP_repo_20181703/ip_repo/template_1.0'.
INFO: [IP_Flow 19-2313] Loaded Vivado IP repository 'D:/Vivado/2018.2/data/ip'.
update_compile_order -fileset sources_1
reset_run synth_1
launch_runs synth_1 -jobs 6
[Sat Dec 19 20:49:37 2020] Launched synth_1...
Run output will be captured here: D:/s181703/IP_repo_20181703/managed_ip_project/managed_ip_project.tmp/led_ip_v1_0_project/led_ip_v1_0_project.runs/synth_1/runme.log
ipx::open_ipxact_file D:/s181703/IP_repo_20181703/ip_repo/led_ip_1.0/component.xml
WARNING: [IP_Flow 19-5226] Project source file 'd:/s181703/IP_repo_20181703/ip_repo/led_ip_1.0/component.xml' ignored by IP packager.
ipx::merge_project_changes hdl_parameters [ipx::current_core]
WARNING: [IP_Flow 19-5226] Project source file 'd:/s181703/IP_repo_20181703/ip_repo/led_ip_1.0/component.xml' ignored by IP packager.
WARNING: [IP_Flow 19-4300] HDL parameter 'LED_WIDTH' has its value changed from '32' to '4'.
INFO: [IP_Flow 19-3166] Bus Interface 'S00_AXI': References existing memory map 'S00_AXI'.
set_property core_revision 3 [ipx::current_core]
ipx::create_xgui_files [ipx::current_core]
ipx::update_checksums [ipx::current_core]
ipx::save_core [ipx::current_core]
update_ip_catalog -rebuild -repo_path d:/s181703/IP_repo_20181703/ip_repo/led_ip_1.0
INFO: [IP_Flow 19-725] Reloaded user IP repository 'd:/s181703/IP_repo_20181703/ip_repo/led_ip_1.0'
exit
INFO: [Common 17-206] Exiting Vivado at Sat Dec 19 20:50:19 2020...
