
*** Running vivado
    with args -log led_ip_v1_0.vds -m64 -product Vivado -mode batch -messageDb vivado.pb -notrace -source led_ip_v1_0.tcl


****** Vivado v2018.2 (64-bit)
  **** SW Build 2258646 on Thu Jun 14 20:03:12 MDT 2018
  **** IP Build 2256618 on Thu Jun 14 22:10:49 MDT 2018
    ** Copyright 1986-2018 Xilinx, Inc. All Rights Reserved.

source led_ip_v1_0.tcl -notrace
Command: synth_design -top led_ip_v1_0 -part xc7k70tfbv676-1
Starting synth_design
Attempting to get a license for feature 'Synthesis' and/or device 'xc7k70t'
INFO: [Common 17-349] Got license for feature 'Synthesis' and/or device 'xc7k70t'
INFO: Launching helper process for spawning children vivado processes
INFO: Helper process launched with PID 5128 
---------------------------------------------------------------------------------
Starting Synthesize : Time (s): cpu = 00:00:02 ; elapsed = 00:00:02 . Memory (MB): peak = 356.934 ; gain = 99.863
---------------------------------------------------------------------------------
INFO: [Synth 8-6157] synthesizing module 'led_ip_v1_0' [D:/s181703/IP_repo_20181703/ip_repo/led_ip_1.0/hdl/led_ip_v1_0.v:4]
	Parameter LED_WIDTH bound to: 4 - type: integer 
	Parameter C_S00_AXI_DATA_WIDTH bound to: 32 - type: integer 
	Parameter C_S00_AXI_ADDR_WIDTH bound to: 5 - type: integer 
INFO: [Synth 8-6157] synthesizing module 'led_ip_v1_0_S00_AXI' [D:/s181703/IP_repo_20181703/ip_repo/led_ip_1.0/hdl/led_ip_v1_0_S00_AXI.v:4]
	Parameter LED_WIDTH bound to: 4 - type: integer 
	Parameter C_S_AXI_DATA_WIDTH bound to: 32 - type: integer 
	Parameter C_S_AXI_ADDR_WIDTH bound to: 5 - type: integer 
	Parameter ADDR_LSB bound to: 2 - type: integer 
	Parameter OPT_MEM_ADDR_BITS bound to: 2 - type: integer 
INFO: [Synth 8-226] default block is never used [D:/s181703/IP_repo_20181703/ip_repo/led_ip_1.0/hdl/led_ip_v1_0_S00_AXI.v:239]
INFO: [Synth 8-6157] synthesizing module 'LED_ctrl' [D:/s181703/IP_repo_20181703/ip_repo/led_ip_1.0/src/led_ctrl.v:2]
	Parameter LED_WIDTH bound to: 4 - type: integer 
	Parameter C_S_AXI_DATA_WIDTH bound to: 32 - type: integer 
	Parameter C_S_AXI_ADDR_WIDTH bound to: 5 - type: integer 
	Parameter OPT_MEM_ADDR_BITS bound to: 2 - type: integer 
	Parameter ADDR_LSB bound to: 2 - type: integer 
INFO: [Synth 8-226] default block is never used [D:/s181703/IP_repo_20181703/ip_repo/led_ip_1.0/src/led_ctrl.v:23]
INFO: [Synth 8-6155] done synthesizing module 'LED_ctrl' (1#1) [D:/s181703/IP_repo_20181703/ip_repo/led_ip_1.0/src/led_ctrl.v:2]
INFO: [Synth 8-6155] done synthesizing module 'led_ip_v1_0_S00_AXI' (2#1) [D:/s181703/IP_repo_20181703/ip_repo/led_ip_1.0/hdl/led_ip_v1_0_S00_AXI.v:4]
INFO: [Synth 8-6155] done synthesizing module 'led_ip_v1_0' (3#1) [D:/s181703/IP_repo_20181703/ip_repo/led_ip_1.0/hdl/led_ip_v1_0.v:4]
WARNING: [Synth 8-3331] design LED_ctrl has unconnected port clk
WARNING: [Synth 8-3331] design LED_ctrl has unconnected port resetN
WARNING: [Synth 8-3331] design LED_ctrl has unconnected port axi_araddr[1]
WARNING: [Synth 8-3331] design LED_ctrl has unconnected port axi_araddr[0]
WARNING: [Synth 8-3331] design led_ip_v1_0_S00_AXI has unconnected port S_AXI_AWPROT[2]
WARNING: [Synth 8-3331] design led_ip_v1_0_S00_AXI has unconnected port S_AXI_AWPROT[1]
WARNING: [Synth 8-3331] design led_ip_v1_0_S00_AXI has unconnected port S_AXI_AWPROT[0]
WARNING: [Synth 8-3331] design led_ip_v1_0_S00_AXI has unconnected port S_AXI_ARPROT[2]
WARNING: [Synth 8-3331] design led_ip_v1_0_S00_AXI has unconnected port S_AXI_ARPROT[1]
WARNING: [Synth 8-3331] design led_ip_v1_0_S00_AXI has unconnected port S_AXI_ARPROT[0]
---------------------------------------------------------------------------------
Finished Synthesize : Time (s): cpu = 00:00:02 ; elapsed = 00:00:03 . Memory (MB): peak = 411.738 ; gain = 154.668
---------------------------------------------------------------------------------
---------------------------------------------------------------------------------
Finished Constraint Validation : Time (s): cpu = 00:00:03 ; elapsed = 00:00:03 . Memory (MB): peak = 411.738 ; gain = 154.668
---------------------------------------------------------------------------------
---------------------------------------------------------------------------------
Start Loading Part and Timing Information
---------------------------------------------------------------------------------
Loading part: xc7k70tfbv676-1
---------------------------------------------------------------------------------
Finished Loading Part and Timing Information : Time (s): cpu = 00:00:03 ; elapsed = 00:00:03 . Memory (MB): peak = 411.738 ; gain = 154.668
---------------------------------------------------------------------------------
INFO: [Device 21-403] Loading part xc7k70tfbv676-1
---------------------------------------------------------------------------------
Finished RTL Optimization Phase 2 : Time (s): cpu = 00:00:03 ; elapsed = 00:00:03 . Memory (MB): peak = 411.738 ; gain = 154.668
---------------------------------------------------------------------------------

Report RTL Partitions: 
+-+--------------+------------+----------+
| |RTL Partition |Replication |Instances |
+-+--------------+------------+----------+
+-+--------------+------------+----------+
No constraint files found.
---------------------------------------------------------------------------------
Start RTL Component Statistics 
---------------------------------------------------------------------------------
Detailed RTL Component Info : 
+---Registers : 
	               32 Bit    Registers := 9     
	                5 Bit    Registers := 2     
	                2 Bit    Registers := 2     
	                1 Bit    Registers := 6     
+---Muxes : 
	   2 Input     32 Bit        Muxes := 8     
	   8 Input     32 Bit        Muxes := 8     
	   2 Input      1 Bit        Muxes := 5     
---------------------------------------------------------------------------------
Finished RTL Component Statistics 
---------------------------------------------------------------------------------
---------------------------------------------------------------------------------
Start RTL Hierarchical Component Statistics 
---------------------------------------------------------------------------------
Hierarchical RTL Component report 
Module led_ip_v1_0_S00_AXI 
Detailed RTL Component Info : 
+---Registers : 
	               32 Bit    Registers := 9     
	                5 Bit    Registers := 2     
	                2 Bit    Registers := 2     
	                1 Bit    Registers := 6     
+---Muxes : 
	   2 Input     32 Bit        Muxes := 8     
	   8 Input     32 Bit        Muxes := 8     
	   2 Input      1 Bit        Muxes := 5     
---------------------------------------------------------------------------------
Finished RTL Hierarchical Component Statistics
---------------------------------------------------------------------------------
---------------------------------------------------------------------------------
Start Part Resource Summary
---------------------------------------------------------------------------------
Part Resources:
DSPs: 240 (col length:80)
BRAMs: 270 (col length: RAMB18 80 RAMB36 40)
---------------------------------------------------------------------------------
Finished Part Resource Summary
---------------------------------------------------------------------------------
No constraint files found.
---------------------------------------------------------------------------------
Start Cross Boundary and Area Optimization
---------------------------------------------------------------------------------
Warning: Parallel synthesis criteria is not met 
WARNING: [Synth 8-3331] design led_ip_v1_0 has unconnected port s00_axi_awprot[2]
WARNING: [Synth 8-3331] design led_ip_v1_0 has unconnected port s00_axi_awprot[1]
WARNING: [Synth 8-3331] design led_ip_v1_0 has unconnected port s00_axi_awprot[0]
WARNING: [Synth 8-3331] design led_ip_v1_0 has unconnected port s00_axi_arprot[2]
WARNING: [Synth 8-3331] design led_ip_v1_0 has unconnected port s00_axi_arprot[1]
WARNING: [Synth 8-3331] design led_ip_v1_0 has unconnected port s00_axi_arprot[0]
INFO: [Synth 8-3886] merging instance 'led_ip_v1_0_S00_AXI_inst/axi_rresp_reg[0]' (FDRE) to 'led_ip_v1_0_S00_AXI_inst/axi_rresp_reg[1]'
INFO: [Synth 8-3333] propagating constant 0 across sequential element (\led_ip_v1_0_S00_AXI_inst/axi_rresp_reg[1] )
INFO: [Synth 8-3886] merging instance 'led_ip_v1_0_S00_AXI_inst/axi_bresp_reg[0]' (FDRE) to 'led_ip_v1_0_S00_AXI_inst/axi_bresp_reg[1]'
INFO: [Synth 8-3333] propagating constant 0 across sequential element (\led_ip_v1_0_S00_AXI_inst/axi_bresp_reg[1] )
WARNING: [Synth 8-3332] Sequential element (led_ip_v1_0_S00_AXI_inst/axi_awaddr_reg[1]) is unused and will be removed from module led_ip_v1_0.
WARNING: [Synth 8-3332] Sequential element (led_ip_v1_0_S00_AXI_inst/axi_awaddr_reg[0]) is unused and will be removed from module led_ip_v1_0.
WARNING: [Synth 8-3332] Sequential element (led_ip_v1_0_S00_AXI_inst/axi_bresp_reg[1]) is unused and will be removed from module led_ip_v1_0.
WARNING: [Synth 8-3332] Sequential element (led_ip_v1_0_S00_AXI_inst/axi_araddr_reg[1]) is unused and will be removed from module led_ip_v1_0.
WARNING: [Synth 8-3332] Sequential element (led_ip_v1_0_S00_AXI_inst/axi_araddr_reg[0]) is unused and will be removed from module led_ip_v1_0.
WARNING: [Synth 8-3332] Sequential element (led_ip_v1_0_S00_AXI_inst/axi_rresp_reg[1]) is unused and will be removed from module led_ip_v1_0.
---------------------------------------------------------------------------------
Finished Cross Boundary and Area Optimization : Time (s): cpu = 00:00:07 ; elapsed = 00:00:08 . Memory (MB): peak = 556.711 ; gain = 299.641
---------------------------------------------------------------------------------

Report RTL Partitions: 
+-+--------------+------------+----------+
| |RTL Partition |Replication |Instances |
+-+--------------+------------+----------+
+-+--------------+------------+----------+
No constraint files found.
---------------------------------------------------------------------------------
Start Timing Optimization
---------------------------------------------------------------------------------
---------------------------------------------------------------------------------
Finished Timing Optimization : Time (s): cpu = 00:00:07 ; elapsed = 00:00:08 . Memory (MB): peak = 556.711 ; gain = 299.641
---------------------------------------------------------------------------------

Report RTL Partitions: 
+-+--------------+------------+----------+
| |RTL Partition |Replication |Instances |
+-+--------------+------------+----------+
+-+--------------+------------+----------+
---------------------------------------------------------------------------------
Start Technology Mapping
---------------------------------------------------------------------------------
---------------------------------------------------------------------------------
Finished Technology Mapping : Time (s): cpu = 00:00:07 ; elapsed = 00:00:08 . Memory (MB): peak = 556.711 ; gain = 299.641
---------------------------------------------------------------------------------

Report RTL Partitions: 
+-+--------------+------------+----------+
| |RTL Partition |Replication |Instances |
+-+--------------+------------+----------+
+-+--------------+------------+----------+
---------------------------------------------------------------------------------
Start IO Insertion
---------------------------------------------------------------------------------
---------------------------------------------------------------------------------
Start Flattening Before IO Insertion
---------------------------------------------------------------------------------
---------------------------------------------------------------------------------
Finished Flattening Before IO Insertion
---------------------------------------------------------------------------------
---------------------------------------------------------------------------------
Start Final Netlist Cleanup
---------------------------------------------------------------------------------
---------------------------------------------------------------------------------
Finished Final Netlist Cleanup
---------------------------------------------------------------------------------
---------------------------------------------------------------------------------
Finished IO Insertion : Time (s): cpu = 00:00:08 ; elapsed = 00:00:09 . Memory (MB): peak = 556.711 ; gain = 299.641
---------------------------------------------------------------------------------

Report Check Netlist: 
+------+------------------+-------+---------+-------+------------------+
|      |Item              |Errors |Warnings |Status |Description       |
+------+------------------+-------+---------+-------+------------------+
|1     |multi_driven_nets |      0|        0|Passed |Multi driven nets |
+------+------------------+-------+---------+-------+------------------+
---------------------------------------------------------------------------------
Start Renaming Generated Instances
---------------------------------------------------------------------------------
---------------------------------------------------------------------------------
Finished Renaming Generated Instances : Time (s): cpu = 00:00:08 ; elapsed = 00:00:09 . Memory (MB): peak = 556.711 ; gain = 299.641
---------------------------------------------------------------------------------

Report RTL Partitions: 
+-+--------------+------------+----------+
| |RTL Partition |Replication |Instances |
+-+--------------+------------+----------+
+-+--------------+------------+----------+
---------------------------------------------------------------------------------
Start Rebuilding User Hierarchy
---------------------------------------------------------------------------------
---------------------------------------------------------------------------------
Finished Rebuilding User Hierarchy : Time (s): cpu = 00:00:08 ; elapsed = 00:00:09 . Memory (MB): peak = 556.711 ; gain = 299.641
---------------------------------------------------------------------------------
---------------------------------------------------------------------------------
Start Renaming Generated Ports
---------------------------------------------------------------------------------
---------------------------------------------------------------------------------
Finished Renaming Generated Ports : Time (s): cpu = 00:00:08 ; elapsed = 00:00:09 . Memory (MB): peak = 556.711 ; gain = 299.641
---------------------------------------------------------------------------------
---------------------------------------------------------------------------------
Start Handling Custom Attributes
---------------------------------------------------------------------------------
---------------------------------------------------------------------------------
Finished Handling Custom Attributes : Time (s): cpu = 00:00:08 ; elapsed = 00:00:09 . Memory (MB): peak = 556.711 ; gain = 299.641
---------------------------------------------------------------------------------
---------------------------------------------------------------------------------
Start Renaming Generated Nets
---------------------------------------------------------------------------------
---------------------------------------------------------------------------------
Finished Renaming Generated Nets : Time (s): cpu = 00:00:08 ; elapsed = 00:00:09 . Memory (MB): peak = 556.711 ; gain = 299.641
---------------------------------------------------------------------------------
---------------------------------------------------------------------------------
Start Writing Synthesis Report
---------------------------------------------------------------------------------

Report BlackBoxes: 
+-+--------------+----------+
| |BlackBox name |Instances |
+-+--------------+----------+
+-+--------------+----------+

Report Cell Usage: 
+------+------+------+
|      |Cell  |Count |
+------+------+------+
|1     |BUFG  |     1|
|2     |LUT1  |     1|
|3     |LUT2  |     1|
|4     |LUT3  |     1|
|5     |LUT4  |     4|
|6     |LUT5  |    32|
|7     |LUT6  |    66|
|8     |MUXF7 |    32|
|9     |FDRE  |   299|
|10    |FDSE  |     1|
|11    |IBUF  |    49|
|12    |OBUF  |    45|
+------+------+------+

Report Instance Areas: 
+------+---------------------------+--------------------+------+
|      |Instance                   |Module              |Cells |
+------+---------------------------+--------------------+------+
|1     |top                        |                    |   532|
|2     |  led_ip_v1_0_S00_AXI_inst |led_ip_v1_0_S00_AXI |   437|
|3     |    LED_ctrl_inst          |LED_ctrl            |    96|
+------+---------------------------+--------------------+------+
---------------------------------------------------------------------------------
Finished Writing Synthesis Report : Time (s): cpu = 00:00:08 ; elapsed = 00:00:09 . Memory (MB): peak = 556.711 ; gain = 299.641
---------------------------------------------------------------------------------
Synthesis finished with 0 errors, 0 critical warnings and 22 warnings.
Synthesis Optimization Runtime : Time (s): cpu = 00:00:08 ; elapsed = 00:00:09 . Memory (MB): peak = 556.711 ; gain = 299.641
Synthesis Optimization Complete : Time (s): cpu = 00:00:08 ; elapsed = 00:00:09 . Memory (MB): peak = 556.711 ; gain = 299.641
INFO: [Project 1-571] Translating synthesized netlist
INFO: [Netlist 29-17] Analyzing 81 Unisim elements for replacement
INFO: [Netlist 29-28] Unisim Transformation completed in 0 CPU seconds
INFO: [Project 1-570] Preparing netlist for logic optimization
INFO: [Opt 31-138] Pushed 0 inverter(s) to 0 load pin(s).
INFO: [Project 1-111] Unisim Transformation Summary:
No Unisim elements were transformed.

INFO: [Common 17-83] Releasing license: Synthesis
21 Infos, 22 Warnings, 0 Critical Warnings and 0 Errors encountered.
synth_design completed successfully
synth_design: Time (s): cpu = 00:00:11 ; elapsed = 00:00:13 . Memory (MB): peak = 652.891 ; gain = 408.547
WARNING: [Constraints 18-5210] No constraint will be written out.
INFO: [Common 17-1381] The checkpoint 'D:/s181703/IP_repo_20181703/managed_ip_project/managed_ip_project.tmp/led_ip_v1_0_project/led_ip_v1_0_project.runs/synth_1/led_ip_v1_0.dcp' has been generated.
INFO: [runtcl-4] Executing : report_utilization -file led_ip_v1_0_utilization_synth.rpt -pb led_ip_v1_0_utilization_synth.pb
report_utilization: Time (s): cpu = 00:00:00 ; elapsed = 00:00:00.044 . Memory (MB): peak = 652.891 ; gain = 0.000
INFO: [Common 17-206] Exiting Vivado at Sat Dec 19 20:49:55 2020...
