
*** Running vivado
    with args -log ZL01_Blk_s181703_wrapper.vdi -applog -m64 -product Vivado -messageDb vivado.pb -mode batch -source ZL01_Blk_s181703_wrapper.tcl -notrace


****** Vivado v2018.2 (64-bit)
  **** SW Build 2258646 on Thu Jun 14 20:03:12 MDT 2018
  **** IP Build 2256618 on Thu Jun 14 22:10:49 MDT 2018
    ** Copyright 1986-2018 Xilinx, Inc. All Rights Reserved.

source ZL01_Blk_s181703_wrapper.tcl -notrace
Command: open_checkpoint D:/s181703/ZL01_LED1_181703_prj/ZL01_LED1_181703_prj.runs/impl_1/ZL01_Blk_s181703_wrapper.dcp

Starting open_checkpoint Task

Time (s): cpu = 00:00:00 ; elapsed = 00:00:00.032 . Memory (MB): peak = 230.809 ; gain = 0.000
INFO: [Netlist 29-17] Analyzing 22 Unisim elements for replacement
INFO: [Netlist 29-28] Unisim Transformation completed in 0 CPU seconds
INFO: [Project 1-479] Netlist was created with Vivado 2018.2
INFO: [Device 21-403] Loading part xc7z010clg400-1
INFO: [Project 1-570] Preparing netlist for logic optimization
INFO: [Timing 38-478] Restoring timing data from binary archive.
INFO: [Timing 38-479] Binary timing data restore complete.
INFO: [Project 1-856] Restoring constraints from binary archive.
INFO: [Project 1-853] Binary constraint restore complete.
Reading XDEF placement.
Reading placer database...
Reading XDEF routing.
Read XDEF File: Time (s): cpu = 00:00:00 ; elapsed = 00:00:00.258 . Memory (MB): peak = 1066.457 ; gain = 0.000
Restored from archive | CPU: 0.000000 secs | Memory: 0.000000 MB |
Finished XDEF File Restore: Time (s): cpu = 00:00:00 ; elapsed = 00:00:00.258 . Memory (MB): peak = 1066.457 ; gain = 0.000
INFO: [Project 1-111] Unisim Transformation Summary:
  A total of 4 instances were transformed.
  IOBUF => IOBUF (IBUF, OBUFT): 4 instances

INFO: [Project 1-604] Checkpoint was created with Vivado v2018.2 (64-bit) build 2258646
open_checkpoint: Time (s): cpu = 00:00:16 ; elapsed = 00:00:19 . Memory (MB): peak = 1066.457 ; gain = 844.441
Command: opt_design
Attempting to get a license for feature 'Implementation' and/or device 'xc7z010'
INFO: [Common 17-349] Got license for feature 'Implementation' and/or device 'xc7z010'
Running DRC as a precondition to command opt_design

Starting DRC Task
INFO: [DRC 23-27] Running DRC with 2 threads
INFO: [Project 1-461] DRC finished with 0 Errors
INFO: [Project 1-462] Please refer to the DRC report (report_drc) for more information.

Time (s): cpu = 00:00:01 ; elapsed = 00:00:00.517 . Memory (MB): peak = 1066.457 ; gain = 0.000

Starting Cache Timing Information Task
INFO: [Timing 38-35] Done setting XDC timing constraints.
Ending Cache Timing Information Task | Checksum: 1b1727da7

Time (s): cpu = 00:00:00 ; elapsed = 00:00:00.091 . Memory (MB): peak = 1121.535 ; gain = 55.078

Starting Logic Optimization Task

Phase 1 Retarget
INFO: [Opt 31-138] Pushed 0 inverter(s) to 0 load pin(s).
INFO: [Opt 31-49] Retargeted 0 cell(s).
Phase 1 Retarget | Checksum: 12b609265

Time (s): cpu = 00:00:00 ; elapsed = 00:00:00.153 . Memory (MB): peak = 1121.535 ; gain = 0.000
INFO: [Opt 31-389] Phase Retarget created 0 cells and removed 0 cells

Phase 2 Constant propagation
INFO: [Opt 31-138] Pushed 0 inverter(s) to 0 load pin(s).
Phase 2 Constant propagation | Checksum: 186b5298e

Time (s): cpu = 00:00:00 ; elapsed = 00:00:00.186 . Memory (MB): peak = 1121.535 ; gain = 0.000
INFO: [Opt 31-389] Phase Constant propagation created 0 cells and removed 8 cells

Phase 3 Sweep
Phase 3 Sweep | Checksum: 116072afa

Time (s): cpu = 00:00:00 ; elapsed = 00:00:00.493 . Memory (MB): peak = 1121.535 ; gain = 0.000
INFO: [Opt 31-389] Phase Sweep created 0 cells and removed 258 cells

Phase 4 BUFG optimization
Phase 4 BUFG optimization | Checksum: 116072afa

Time (s): cpu = 00:00:01 ; elapsed = 00:00:00.544 . Memory (MB): peak = 1121.535 ; gain = 0.000
INFO: [Opt 31-662] Phase BUFG optimization created 0 cells of which 0 are BUFGs and removed 0 cells.

Phase 5 Shift Register Optimization
Phase 5 Shift Register Optimization | Checksum: 22d9452c2

Time (s): cpu = 00:00:01 ; elapsed = 00:00:00.720 . Memory (MB): peak = 1121.535 ; gain = 0.000
INFO: [Opt 31-389] Phase Shift Register Optimization created 0 cells and removed 0 cells

Phase 6 Post Processing Netlist
Phase 6 Post Processing Netlist | Checksum: 22d9452c2

Time (s): cpu = 00:00:01 ; elapsed = 00:00:00.756 . Memory (MB): peak = 1121.535 ; gain = 0.000
INFO: [Opt 31-389] Phase Post Processing Netlist created 0 cells and removed 0 cells

Starting Connectivity Check Task

Time (s): cpu = 00:00:00 ; elapsed = 00:00:00.003 . Memory (MB): peak = 1121.535 ; gain = 0.000
Ending Logic Optimization Task | Checksum: 22d9452c2

Time (s): cpu = 00:00:01 ; elapsed = 00:00:00.770 . Memory (MB): peak = 1121.535 ; gain = 0.000

Starting Power Optimization Task
INFO: [Pwropt 34-132] Skipping clock gating for clocks with a period < 2.00 ns.
Ending Power Optimization Task | Checksum: 22d9452c2

Time (s): cpu = 00:00:00 ; elapsed = 00:00:00.015 . Memory (MB): peak = 1121.535 ; gain = 0.000

Starting Final Cleanup Task
Ending Final Cleanup Task | Checksum: 22d9452c2

Time (s): cpu = 00:00:00 ; elapsed = 00:00:00 . Memory (MB): peak = 1121.535 ; gain = 0.000
INFO: [Common 17-83] Releasing license: Implementation
27 Infos, 0 Warnings, 0 Critical Warnings and 0 Errors encountered.
opt_design completed successfully
INFO: [Timing 38-480] Writing timing data to binary archive.
Writing placer database...
Writing XDEF routing.
Writing XDEF routing logical nets.
Writing XDEF routing special nets.
Write XDEF Complete: Time (s): cpu = 00:00:00 ; elapsed = 00:00:00.075 . Memory (MB): peak = 1121.535 ; gain = 0.000
INFO: [Common 17-1381] The checkpoint 'D:/s181703/ZL01_LED1_181703_prj/ZL01_LED1_181703_prj.runs/impl_1/ZL01_Blk_s181703_wrapper_opt.dcp' has been generated.
INFO: [runtcl-4] Executing : report_drc -file ZL01_Blk_s181703_wrapper_drc_opted.rpt -pb ZL01_Blk_s181703_wrapper_drc_opted.pb -rpx ZL01_Blk_s181703_wrapper_drc_opted.rpx
Command: report_drc -file ZL01_Blk_s181703_wrapper_drc_opted.rpt -pb ZL01_Blk_s181703_wrapper_drc_opted.pb -rpx ZL01_Blk_s181703_wrapper_drc_opted.rpx
INFO: [IP_Flow 19-234] Refreshing IP repositories
INFO: [IP_Flow 19-1704] No user IP repositories specified
INFO: [IP_Flow 19-2313] Loaded Vivado IP repository 'D:/Vivado/2018.2/data/ip'.
INFO: [DRC 23-27] Running DRC with 2 threads
INFO: [Coretcl 2-168] The results of DRC are in file D:/s181703/ZL01_LED1_181703_prj/ZL01_LED1_181703_prj.runs/impl_1/ZL01_Blk_s181703_wrapper_drc_opted.rpt.
report_drc completed successfully
Command: place_design
Attempting to get a license for feature 'Implementation' and/or device 'xc7z010'
INFO: [Common 17-349] Got license for feature 'Implementation' and/or device 'xc7z010'
INFO: [DRC 23-27] Running DRC with 2 threads
INFO: [Vivado_Tcl 4-198] DRC finished with 0 Errors
INFO: [Vivado_Tcl 4-199] Please refer to the DRC report (report_drc) for more information.
Running DRC as a precondition to command place_design
INFO: [DRC 23-27] Running DRC with 2 threads
INFO: [Vivado_Tcl 4-198] DRC finished with 0 Errors
INFO: [Vivado_Tcl 4-199] Please refer to the DRC report (report_drc) for more information.

Starting Placer Task
INFO: [Place 30-611] Multithreading enabled for place_design using a maximum of 2 CPUs

Phase 1 Placer Initialization

Phase 1.1 Placer Initialization Netlist Sorting
Netlist sorting complete. Time (s): cpu = 00:00:00 ; elapsed = 00:00:00.003 . Memory (MB): peak = 1121.535 ; gain = 0.000
Phase 1.1 Placer Initialization Netlist Sorting | Checksum: 1a0ed95ad

Time (s): cpu = 00:00:00 ; elapsed = 00:00:00.008 . Memory (MB): peak = 1121.535 ; gain = 0.000
Netlist sorting complete. Time (s): cpu = 00:00:00 ; elapsed = 00:00:00.002 . Memory (MB): peak = 1121.535 ; gain = 0.000

Phase 1.2 IO Placement/ Clock Placement/ Build Placer Device
INFO: [Timing 38-35] Done setting XDC timing constraints.
Phase 1.2 IO Placement/ Clock Placement/ Build Placer Device | Checksum: 1adb6e501

Time (s): cpu = 00:00:02 ; elapsed = 00:00:02 . Memory (MB): peak = 1131.062 ; gain = 9.527

Phase 1.3 Build Placer Netlist Model
Phase 1.3 Build Placer Netlist Model | Checksum: 199f138eb

Time (s): cpu = 00:00:02 ; elapsed = 00:00:02 . Memory (MB): peak = 1131.652 ; gain = 10.117

Phase 1.4 Constrain Clocks/Macros
Phase 1.4 Constrain Clocks/Macros | Checksum: 199f138eb

Time (s): cpu = 00:00:02 ; elapsed = 00:00:02 . Memory (MB): peak = 1131.652 ; gain = 10.117
Phase 1 Placer Initialization | Checksum: 199f138eb

Time (s): cpu = 00:00:02 ; elapsed = 00:00:02 . Memory (MB): peak = 1131.652 ; gain = 10.117

Phase 2 Global Placement

Phase 2.1 Floorplanning
Phase 2.1 Floorplanning | Checksum: 27ce94e1c

Time (s): cpu = 00:00:02 ; elapsed = 00:00:02 . Memory (MB): peak = 1131.652 ; gain = 10.117

Phase 2.2 Physical Synthesis In Placer
INFO: [Physopt 32-65] No nets found for high-fanout optimization.
INFO: [Physopt 32-232] Optimized 0 net. Created 0 new instance.
INFO: [Physopt 32-775] End 1 Pass. Optimized 0 net or cell. Created 0 new cell, deleted 0 existing cell and moved 0 existing cell
Netlist sorting complete. Time (s): cpu = 00:00:00 ; elapsed = 00:00:00.003 . Memory (MB): peak = 1131.652 ; gain = 0.000

Summary of Physical Synthesis Optimizations
============================================


-----------------------------------------------------------------------------------------------------------------------------
|  Optimization       |  Added Cells  |  Removed Cells  |  Optimized Cells/Nets  |  Dont Touch  |  Iterations  |  Elapsed   |
-----------------------------------------------------------------------------------------------------------------------------
|  Very High Fanout   |            0  |              0  |                     0  |           0  |           1  |  00:00:00  |
|  Total              |            0  |              0  |                     0  |           0  |           1  |  00:00:00  |
-----------------------------------------------------------------------------------------------------------------------------


Phase 2.2 Physical Synthesis In Placer | Checksum: 1a0adc290

Time (s): cpu = 00:00:05 ; elapsed = 00:00:03 . Memory (MB): peak = 1131.652 ; gain = 10.117
Phase 2 Global Placement | Checksum: 235206acb

Time (s): cpu = 00:00:05 ; elapsed = 00:00:03 . Memory (MB): peak = 1131.652 ; gain = 10.117

Phase 3 Detail Placement

Phase 3.1 Commit Multi Column Macros
Phase 3.1 Commit Multi Column Macros | Checksum: 235206acb

Time (s): cpu = 00:00:05 ; elapsed = 00:00:03 . Memory (MB): peak = 1131.652 ; gain = 10.117

Phase 3.2 Commit Most Macros & LUTRAMs
Phase 3.2 Commit Most Macros & LUTRAMs | Checksum: 1f1d68658

Time (s): cpu = 00:00:05 ; elapsed = 00:00:04 . Memory (MB): peak = 1131.652 ; gain = 10.117

Phase 3.3 Area Swap Optimization
Phase 3.3 Area Swap Optimization | Checksum: 1642611a0

Time (s): cpu = 00:00:05 ; elapsed = 00:00:04 . Memory (MB): peak = 1131.652 ; gain = 10.117

Phase 3.4 Pipeline Register Optimization
Phase 3.4 Pipeline Register Optimization | Checksum: 1642611a0

Time (s): cpu = 00:00:05 ; elapsed = 00:00:04 . Memory (MB): peak = 1131.652 ; gain = 10.117

Phase 3.5 Small Shape Detail Placement
Phase 3.5 Small Shape Detail Placement | Checksum: 20909976f

Time (s): cpu = 00:00:06 ; elapsed = 00:00:04 . Memory (MB): peak = 1131.652 ; gain = 10.117

Phase 3.6 Re-assign LUT pins
Phase 3.6 Re-assign LUT pins | Checksum: 166a8ffec

Time (s): cpu = 00:00:06 ; elapsed = 00:00:04 . Memory (MB): peak = 1131.652 ; gain = 10.117

Phase 3.7 Pipeline Register Optimization
Phase 3.7 Pipeline Register Optimization | Checksum: 166a8ffec

Time (s): cpu = 00:00:06 ; elapsed = 00:00:04 . Memory (MB): peak = 1131.652 ; gain = 10.117
Phase 3 Detail Placement | Checksum: 166a8ffec

Time (s): cpu = 00:00:06 ; elapsed = 00:00:04 . Memory (MB): peak = 1131.652 ; gain = 10.117

Phase 4 Post Placement Optimization and Clean-Up

Phase 4.1 Post Commit Optimization
INFO: [Timing 38-35] Done setting XDC timing constraints.

Phase 4.1.1 Post Placement Optimization
Post Placement Optimization Initialization | Checksum: 8209acc2

Phase 4.1.1.1 BUFG Insertion
INFO: [Place 46-31] BUFG insertion identified 0 candidate nets, 0 success, 0 skipped for placement/routing, 0 skipped for timing, 0 skipped for netlist change reason.
Phase 4.1.1.1 BUFG Insertion | Checksum: 8209acc2

Time (s): cpu = 00:00:06 ; elapsed = 00:00:04 . Memory (MB): peak = 1145.168 ; gain = 23.633
INFO: [Place 30-746] Post Placement Timing Summary WNS=13.696. For the most accurate timing information please run report_timing.
Phase 4.1.1 Post Placement Optimization | Checksum: e5e7f6dd

Time (s): cpu = 00:00:06 ; elapsed = 00:00:04 . Memory (MB): peak = 1145.168 ; gain = 23.633
Phase 4.1 Post Commit Optimization | Checksum: e5e7f6dd

Time (s): cpu = 00:00:06 ; elapsed = 00:00:04 . Memory (MB): peak = 1145.168 ; gain = 23.633

Phase 4.2 Post Placement Cleanup
Phase 4.2 Post Placement Cleanup | Checksum: e5e7f6dd

Time (s): cpu = 00:00:06 ; elapsed = 00:00:04 . Memory (MB): peak = 1145.219 ; gain = 23.684

Phase 4.3 Placer Reporting
Phase 4.3 Placer Reporting | Checksum: e5e7f6dd

Time (s): cpu = 00:00:06 ; elapsed = 00:00:04 . Memory (MB): peak = 1145.219 ; gain = 23.684

Phase 4.4 Final Placement Cleanup
Phase 4.4 Final Placement Cleanup | Checksum: 11e9b58bd

Time (s): cpu = 00:00:06 ; elapsed = 00:00:04 . Memory (MB): peak = 1145.219 ; gain = 23.684
Phase 4 Post Placement Optimization and Clean-Up | Checksum: 11e9b58bd

Time (s): cpu = 00:00:06 ; elapsed = 00:00:04 . Memory (MB): peak = 1145.219 ; gain = 23.684
Ending Placer Task | Checksum: 8c116aa4

Time (s): cpu = 00:00:06 ; elapsed = 00:00:04 . Memory (MB): peak = 1145.219 ; gain = 23.684
INFO: [Common 17-83] Releasing license: Implementation
51 Infos, 0 Warnings, 0 Critical Warnings and 0 Errors encountered.
place_design completed successfully
place_design: Time (s): cpu = 00:00:08 ; elapsed = 00:00:06 . Memory (MB): peak = 1145.219 ; gain = 23.684
INFO: [Timing 38-480] Writing timing data to binary archive.
Writing placer database...
Writing XDEF routing.
Writing XDEF routing logical nets.
Writing XDEF routing special nets.
Write XDEF Complete: Time (s): cpu = 00:00:01 ; elapsed = 00:00:00.139 . Memory (MB): peak = 1155.262 ; gain = 10.043
INFO: [Common 17-1381] The checkpoint 'D:/s181703/ZL01_LED1_181703_prj/ZL01_LED1_181703_prj.runs/impl_1/ZL01_Blk_s181703_wrapper_placed.dcp' has been generated.
INFO: [runtcl-4] Executing : report_io -file ZL01_Blk_s181703_wrapper_io_placed.rpt
report_io: Time (s): cpu = 00:00:00 ; elapsed = 00:00:00.055 . Memory (MB): peak = 1155.262 ; gain = 0.000
INFO: [runtcl-4] Executing : report_utilization -file ZL01_Blk_s181703_wrapper_utilization_placed.rpt -pb ZL01_Blk_s181703_wrapper_utilization_placed.pb
report_utilization: Time (s): cpu = 00:00:00 ; elapsed = 00:00:00.047 . Memory (MB): peak = 1155.262 ; gain = 0.000
INFO: [runtcl-4] Executing : report_control_sets -verbose -file ZL01_Blk_s181703_wrapper_control_sets_placed.rpt
report_control_sets: Time (s): cpu = 00:00:00 ; elapsed = 00:00:00.011 . Memory (MB): peak = 1155.262 ; gain = 0.000
Command: route_design
Attempting to get a license for feature 'Implementation' and/or device 'xc7z010'
INFO: [Common 17-349] Got license for feature 'Implementation' and/or device 'xc7z010'
Running DRC as a precondition to command route_design
INFO: [DRC 23-27] Running DRC with 2 threads
INFO: [Vivado_Tcl 4-198] DRC finished with 0 Errors
INFO: [Vivado_Tcl 4-199] Please refer to the DRC report (report_drc) for more information.


Starting Routing Task
INFO: [Route 35-254] Multithreading enabled for route_design using a maximum of 2 CPUs
Checksum: PlaceDB: 3b892cae ConstDB: 0 ShapeSum: 50883df6 RouteDB: 0

Phase 1 Build RT Design
Phase 1 Build RT Design | Checksum: 1424720f0

Time (s): cpu = 00:00:12 ; elapsed = 00:00:11 . Memory (MB): peak = 1215.223 ; gain = 59.961
Post Restoration Checksum: NetGraph: 85d3dc00 NumContArr: bc7344f0 Constraints: 0 Timing: 0

Phase 2 Router Initialization

Phase 2.1 Create Timer
Phase 2.1 Create Timer | Checksum: 1424720f0

Time (s): cpu = 00:00:12 ; elapsed = 00:00:11 . Memory (MB): peak = 1215.223 ; gain = 59.961

Phase 2.2 Fix Topology Constraints
Phase 2.2 Fix Topology Constraints | Checksum: 1424720f0

Time (s): cpu = 00:00:12 ; elapsed = 00:00:11 . Memory (MB): peak = 1221.242 ; gain = 65.980

Phase 2.3 Pre Route Cleanup
Phase 2.3 Pre Route Cleanup | Checksum: 1424720f0

Time (s): cpu = 00:00:12 ; elapsed = 00:00:11 . Memory (MB): peak = 1221.242 ; gain = 65.980
 Number of Nodes with overlaps = 0

Phase 2.4 Update Timing
Phase 2.4 Update Timing | Checksum: 22ae0f964

Time (s): cpu = 00:00:12 ; elapsed = 00:00:11 . Memory (MB): peak = 1227.535 ; gain = 72.273
INFO: [Route 35-416] Intermediate Timing Summary | WNS=13.811 | TNS=0.000  | WHS=-0.174 | THS=-14.025|

Phase 2 Router Initialization | Checksum: 182673ba1

Time (s): cpu = 00:00:12 ; elapsed = 00:00:11 . Memory (MB): peak = 1228.699 ; gain = 73.438

Phase 3 Initial Routing
Phase 3 Initial Routing | Checksum: 126a38e07

Time (s): cpu = 00:00:12 ; elapsed = 00:00:11 . Memory (MB): peak = 1228.699 ; gain = 73.438

Phase 4 Rip-up And Reroute

Phase 4.1 Global Iteration 0
 Number of Nodes with overlaps = 57
 Number of Nodes with overlaps = 0
INFO: [Route 35-416] Intermediate Timing Summary | WNS=13.548 | TNS=0.000  | WHS=N/A    | THS=N/A    |

Phase 4.1 Global Iteration 0 | Checksum: 14031f54b

Time (s): cpu = 00:00:13 ; elapsed = 00:00:12 . Memory (MB): peak = 1228.699 ; gain = 73.438

Phase 4.2 Global Iteration 1
 Number of Nodes with overlaps = 2
 Number of Nodes with overlaps = 0
INFO: [Route 35-416] Intermediate Timing Summary | WNS=13.548 | TNS=0.000  | WHS=N/A    | THS=N/A    |

Phase 4.2 Global Iteration 1 | Checksum: 16629252f

Time (s): cpu = 00:00:13 ; elapsed = 00:00:12 . Memory (MB): peak = 1228.699 ; gain = 73.438
Phase 4 Rip-up And Reroute | Checksum: 16629252f

Time (s): cpu = 00:00:13 ; elapsed = 00:00:12 . Memory (MB): peak = 1228.699 ; gain = 73.438

Phase 5 Delay and Skew Optimization

Phase 5.1 Delay CleanUp
Phase 5.1 Delay CleanUp | Checksum: 16629252f

Time (s): cpu = 00:00:13 ; elapsed = 00:00:12 . Memory (MB): peak = 1228.699 ; gain = 73.438

Phase 5.2 Clock Skew Optimization
Phase 5.2 Clock Skew Optimization | Checksum: 16629252f

Time (s): cpu = 00:00:13 ; elapsed = 00:00:12 . Memory (MB): peak = 1228.699 ; gain = 73.438
Phase 5 Delay and Skew Optimization | Checksum: 16629252f

Time (s): cpu = 00:00:13 ; elapsed = 00:00:12 . Memory (MB): peak = 1228.699 ; gain = 73.438

Phase 6 Post Hold Fix

Phase 6.1 Hold Fix Iter

Phase 6.1.1 Update Timing
Phase 6.1.1 Update Timing | Checksum: 1c865215a

Time (s): cpu = 00:00:13 ; elapsed = 00:00:12 . Memory (MB): peak = 1228.699 ; gain = 73.438
INFO: [Route 35-416] Intermediate Timing Summary | WNS=13.548 | TNS=0.000  | WHS=0.038  | THS=0.000  |

Phase 6.1 Hold Fix Iter | Checksum: 1aab8b8d9

Time (s): cpu = 00:00:13 ; elapsed = 00:00:12 . Memory (MB): peak = 1228.699 ; gain = 73.438
Phase 6 Post Hold Fix | Checksum: 1aab8b8d9

Time (s): cpu = 00:00:13 ; elapsed = 00:00:12 . Memory (MB): peak = 1228.699 ; gain = 73.438

Phase 7 Route finalize

Router Utilization Summary
  Global Vertical Routing Utilization    = 0.318553 %
  Global Horizontal Routing Utilization  = 0.579044 %
  Routable Net Status*
  *Does not include unroutable nets such as driverless and loadless.
  Run report_route_status for detailed report.
  Number of Failed Nets               = 0
  Number of Unrouted Nets             = 0
  Number of Partially Routed Nets     = 0
  Number of Node Overlaps             = 0

Phase 7 Route finalize | Checksum: 1dafa90a1

Time (s): cpu = 00:00:13 ; elapsed = 00:00:12 . Memory (MB): peak = 1228.699 ; gain = 73.438

Phase 8 Verifying routed nets

 Verification completed successfully
Phase 8 Verifying routed nets | Checksum: 1dafa90a1

Time (s): cpu = 00:00:13 ; elapsed = 00:00:12 . Memory (MB): peak = 1230.102 ; gain = 74.840

Phase 9 Depositing Routes
Phase 9 Depositing Routes | Checksum: 1cdbbc6eb

Time (s): cpu = 00:00:13 ; elapsed = 00:00:12 . Memory (MB): peak = 1230.102 ; gain = 74.840

Phase 10 Post Router Timing
INFO: [Route 35-57] Estimated Timing Summary | WNS=13.548 | TNS=0.000  | WHS=0.038  | THS=0.000  |

INFO: [Route 35-327] The final timing numbers are based on the router estimated timing analysis. For a complete and accurate timing signoff, please run report_timing_summary.
Phase 10 Post Router Timing | Checksum: 1cdbbc6eb

Time (s): cpu = 00:00:13 ; elapsed = 00:00:12 . Memory (MB): peak = 1230.102 ; gain = 74.840
INFO: [Route 35-16] Router Completed Successfully

Time (s): cpu = 00:00:13 ; elapsed = 00:00:12 . Memory (MB): peak = 1230.102 ; gain = 74.840

Routing Is Done.
INFO: [Common 17-83] Releasing license: Implementation
69 Infos, 0 Warnings, 0 Critical Warnings and 0 Errors encountered.
route_design completed successfully
route_design: Time (s): cpu = 00:00:16 ; elapsed = 00:00:13 . Memory (MB): peak = 1230.102 ; gain = 74.840
INFO: [Timing 38-480] Writing timing data to binary archive.
Writing placer database...
Writing XDEF routing.
Writing XDEF routing logical nets.
Writing XDEF routing special nets.
Write XDEF Complete: Time (s): cpu = 00:00:01 ; elapsed = 00:00:00.165 . Memory (MB): peak = 1236.336 ; gain = 6.234
INFO: [Common 17-1381] The checkpoint 'D:/s181703/ZL01_LED1_181703_prj/ZL01_LED1_181703_prj.runs/impl_1/ZL01_Blk_s181703_wrapper_routed.dcp' has been generated.
INFO: [runtcl-4] Executing : report_drc -file ZL01_Blk_s181703_wrapper_drc_routed.rpt -pb ZL01_Blk_s181703_wrapper_drc_routed.pb -rpx ZL01_Blk_s181703_wrapper_drc_routed.rpx
Command: report_drc -file ZL01_Blk_s181703_wrapper_drc_routed.rpt -pb ZL01_Blk_s181703_wrapper_drc_routed.pb -rpx ZL01_Blk_s181703_wrapper_drc_routed.rpx
INFO: [DRC 23-27] Running DRC with 2 threads
INFO: [Coretcl 2-168] The results of DRC are in file D:/s181703/ZL01_LED1_181703_prj/ZL01_LED1_181703_prj.runs/impl_1/ZL01_Blk_s181703_wrapper_drc_routed.rpt.
report_drc completed successfully
INFO: [runtcl-4] Executing : report_methodology -file ZL01_Blk_s181703_wrapper_methodology_drc_routed.rpt -pb ZL01_Blk_s181703_wrapper_methodology_drc_routed.pb -rpx ZL01_Blk_s181703_wrapper_methodology_drc_routed.rpx
Command: report_methodology -file ZL01_Blk_s181703_wrapper_methodology_drc_routed.rpt -pb ZL01_Blk_s181703_wrapper_methodology_drc_routed.pb -rpx ZL01_Blk_s181703_wrapper_methodology_drc_routed.rpx
INFO: [Timing 38-35] Done setting XDC timing constraints.
INFO: [Timing 38-35] Done setting XDC timing constraints.
INFO: [DRC 23-133] Running Methodology with 2 threads
INFO: [Coretcl 2-1520] The results of Report Methodology are in file D:/s181703/ZL01_LED1_181703_prj/ZL01_LED1_181703_prj.runs/impl_1/ZL01_Blk_s181703_wrapper_methodology_drc_routed.rpt.
report_methodology completed successfully
INFO: [runtcl-4] Executing : report_power -file ZL01_Blk_s181703_wrapper_power_routed.rpt -pb ZL01_Blk_s181703_wrapper_power_summary_routed.pb -rpx ZL01_Blk_s181703_wrapper_power_routed.rpx
Command: report_power -file ZL01_Blk_s181703_wrapper_power_routed.rpt -pb ZL01_Blk_s181703_wrapper_power_summary_routed.pb -rpx ZL01_Blk_s181703_wrapper_power_routed.rpx
INFO: [Timing 38-35] Done setting XDC timing constraints.
Running Vector-less Activity Propagation...

Finished Running Vector-less Activity Propagation
81 Infos, 0 Warnings, 0 Critical Warnings and 0 Errors encountered.
report_power completed successfully
INFO: [runtcl-4] Executing : report_route_status -file ZL01_Blk_s181703_wrapper_route_status.rpt -pb ZL01_Blk_s181703_wrapper_route_status.pb
INFO: [runtcl-4] Executing : report_timing_summary -max_paths 10 -file ZL01_Blk_s181703_wrapper_timing_summary_routed.rpt -pb ZL01_Blk_s181703_wrapper_timing_summary_routed.pb -rpx ZL01_Blk_s181703_wrapper_timing_summary_routed.rpx -warn_on_violation 
INFO: [Timing 38-91] UpdateTimingParams: Speed grade: -1, Delay Type: min_max, Timing Stage: Requireds.
INFO: [Timing 38-191] Multithreading enabled for timing update using a maximum of 2 CPUs
INFO: [runtcl-4] Executing : report_incremental_reuse -file ZL01_Blk_s181703_wrapper_incremental_reuse_routed.rpt
INFO: [Vivado_Tcl 4-545] No incremental reuse to report, no incremental placement and routing data was found.
INFO: [runtcl-4] Executing : report_clock_utilization -file ZL01_Blk_s181703_wrapper_clock_utilization_routed.rpt
INFO: [runtcl-4] Executing : report_bus_skew -warn_on_violation -file ZL01_Blk_s181703_wrapper_bus_skew_routed.rpt -pb ZL01_Blk_s181703_wrapper_bus_skew_routed.pb -rpx ZL01_Blk_s181703_wrapper_bus_skew_routed.rpx
INFO: [Timing 38-91] UpdateTimingParams: Speed grade: -1, Delay Type: min_max, Timing Stage: Requireds.
INFO: [Timing 38-191] Multithreading enabled for timing update using a maximum of 2 CPUs
INFO: [Common 17-206] Exiting Vivado at Sat Dec  5 22:03:20 2020...

*** Running vivado
    with args -log ZL01_Blk_s181703_wrapper.vdi -applog -m64 -product Vivado -messageDb vivado.pb -mode batch -source ZL01_Blk_s181703_wrapper.tcl -notrace


****** Vivado v2018.2 (64-bit)
  **** SW Build 2258646 on Thu Jun 14 20:03:12 MDT 2018
  **** IP Build 2256618 on Thu Jun 14 22:10:49 MDT 2018
    ** Copyright 1986-2018 Xilinx, Inc. All Rights Reserved.

source ZL01_Blk_s181703_wrapper.tcl -notrace
Command: open_checkpoint ZL01_Blk_s181703_wrapper_routed.dcp

Starting open_checkpoint Task

Time (s): cpu = 00:00:00 ; elapsed = 00:00:00.033 . Memory (MB): peak = 230.777 ; gain = 0.000
INFO: [Netlist 29-17] Analyzing 22 Unisim elements for replacement
INFO: [Netlist 29-28] Unisim Transformation completed in 0 CPU seconds
INFO: [Project 1-479] Netlist was created with Vivado 2018.2
INFO: [Device 21-403] Loading part xc7z010clg400-1
INFO: [Project 1-570] Preparing netlist for logic optimization
INFO: [Timing 38-478] Restoring timing data from binary archive.
INFO: [Timing 38-479] Binary timing data restore complete.
INFO: [Project 1-856] Restoring constraints from binary archive.
INFO: [Project 1-853] Binary constraint restore complete.
Reading XDEF placement.
Reading placer database...
Reading XDEF routing.
Read XDEF File: Time (s): cpu = 00:00:00 ; elapsed = 00:00:00.364 . Memory (MB): peak = 1081.961 ; gain = 0.000
Restored from archive | CPU: 0.000000 secs | Memory: 0.000000 MB |
Finished XDEF File Restore: Time (s): cpu = 00:00:00 ; elapsed = 00:00:00.364 . Memory (MB): peak = 1081.961 ; gain = 0.000
INFO: [Project 1-111] Unisim Transformation Summary:
  A total of 4 instances were transformed.
  IOBUF => IOBUF (IBUF, OBUFT): 4 instances

INFO: [Project 1-604] Checkpoint was created with Vivado v2018.2 (64-bit) build 2258646
open_checkpoint: Time (s): cpu = 00:00:16 ; elapsed = 00:00:20 . Memory (MB): peak = 1081.961 ; gain = 860.250
Command: write_bitstream -force ZL01_Blk_s181703_wrapper.bit
Attempting to get a license for feature 'Implementation' and/or device 'xc7z010'
INFO: [Common 17-349] Got license for feature 'Implementation' and/or device 'xc7z010'
Running DRC as a precondition to command write_bitstream
INFO: [IP_Flow 19-234] Refreshing IP repositories
INFO: [IP_Flow 19-1704] No user IP repositories specified
INFO: [IP_Flow 19-2313] Loaded Vivado IP repository 'D:/Vivado/2018.2/data/ip'.
INFO: [DRC 23-27] Running DRC with 2 threads
INFO: [Vivado 12-3199] DRC finished with 0 Errors
INFO: [Vivado 12-3200] Please refer to the DRC report (report_drc) for more information.
INFO: [Designutils 20-2272] Running write_bitstream with 2 threads.
Loading data files...
Loading site data...
Loading route data...
Processing options...
Creating bitmap...
Creating bitstream...
Writing bitstream ./ZL01_Blk_s181703_wrapper.bit...
INFO: [Vivado 12-1842] Bitgen Completed Successfully.
INFO: [Project 1-120] WebTalk data collection is mandatory when using a WebPACK part without a full Vivado license. To see the specific WebTalk data collected for your design, open the usage_statistics_webtalk.html or usage_statistics_webtalk.xml file in the implementation directory.
INFO: [Common 17-83] Releasing license: Implementation
22 Infos, 0 Warnings, 0 Critical Warnings and 0 Errors encountered.
write_bitstream completed successfully
write_bitstream: Time (s): cpu = 00:00:13 ; elapsed = 00:00:12 . Memory (MB): peak = 1534.062 ; gain = 452.102
INFO: [Common 17-206] Exiting Vivado at Sat Dec  5 22:04:19 2020...
