00:54:08 INFO  : Registering command handlers for SDK TCF services
00:54:09 INFO  : Launching XSCT server: xsct.bat -interactive D:\s181703\ZL02_LED2_181703_prj\ZL02_LED2_181703_prj.sdk\temp_xsdb_launch_script.tcl
00:54:12 INFO  : XSCT server has started successfully.
00:54:14 INFO  : Successfully done setting XSCT server connection channel  
00:54:14 INFO  : Processing command line option -hwspec D:/s181703/ZL02_LED2_181703_prj/ZL02_LED2_181703_prj.sdk/ZL02_Blk_181703_wrapper.hdf.
00:54:14 INFO  : Successfully done setting SDK workspace  
00:56:55 INFO  : Connected to target on host '127.0.0.1' and port '3121'.
00:56:57 INFO  : 'targets -set -filter {jtag_cable_name =~ "Digilent Zybo Z7 210351A77FABA" && level==0} -index 1' command is executed.
00:56:59 INFO  : FPGA configured successfully with bitstream "D:/s181703/ZL02_LED2_181703_prj/ZL02_LED2_181703_prj.sdk/ZL02_Blk_181703_wrapper_hw_platform_0/ZL02_Blk_181703_wrapper.bit"
00:57:09 INFO  : 'targets -set -filter {jtag_cable_name =~ "Digilent Zybo Z7 210351A77FABA" && level==0} -index 1' command is executed.
00:57:09 INFO  : 'fpga -state' command is executed.
00:57:09 INFO  : Connected to target on host '127.0.0.1' and port '3121'.
00:57:10 INFO  : Jtag cable 'Digilent Zybo Z7 210351A77FABA' is selected.
00:57:10 INFO  : 'jtag frequency' command is executed.
00:57:10 INFO  : Sourcing of 'D:/s181703/ZL02_LED2_181703_prj/ZL02_LED2_181703_prj.sdk/ZL02_Blk_181703_wrapper_hw_platform_0/ps7_init.tcl' is done.
00:57:10 INFO  : Context for 'APU' is selected.
00:57:10 INFO  : Hardware design information is loaded from 'D:/s181703/ZL02_LED2_181703_prj/ZL02_LED2_181703_prj.sdk/ZL02_Blk_181703_wrapper_hw_platform_0/system.hdf'.
00:57:10 INFO  : 'configparams force-mem-access 1' command is executed.
00:57:10 INFO  : Context for 'APU' is selected.
00:57:10 INFO  : 'stop' command is executed.
00:57:10 INFO  : 'ps7_init' command is executed.
00:57:10 INFO  : 'ps7_post_config' command is executed.
00:57:10 INFO  : Context for processor 'ps7_cortexa9_0' is selected.
00:57:10 INFO  : Processor reset is completed for 'ps7_cortexa9_0'.
00:57:10 INFO  : Context for processor 'ps7_cortexa9_0' is selected.
00:57:10 INFO  : The application 'D:/s181703/ZL02_LED2_181703_prj/ZL02_LED2_181703_prj.sdk/ZL02_SW_181703/Debug/ZL02_SW_181703.elf' is downloaded to processor 'ps7_cortexa9_0'.
00:57:10 INFO  : 'configparams force-mem-access 0' command is executed.
00:57:10 INFO  : ----------------XSDB Script----------------
connect -url tcp:127.0.0.1:3121
source D:/s181703/ZL02_LED2_181703_prj/ZL02_LED2_181703_prj.sdk/ZL02_Blk_181703_wrapper_hw_platform_0/ps7_init.tcl
targets -set -nocase -filter {name =~"APU*" && jtag_cable_name =~ "Digilent Zybo Z7 210351A77FABA"} -index 0
loadhw -hw D:/s181703/ZL02_LED2_181703_prj/ZL02_LED2_181703_prj.sdk/ZL02_Blk_181703_wrapper_hw_platform_0/system.hdf -mem-ranges [list {0x40000000 0xbfffffff}]
configparams force-mem-access 1
targets -set -nocase -filter {name =~"APU*" && jtag_cable_name =~ "Digilent Zybo Z7 210351A77FABA"} -index 0
stop
ps7_init
ps7_post_config
targets -set -nocase -filter {name =~ "ARM*#0" && jtag_cable_name =~ "Digilent Zybo Z7 210351A77FABA"} -index 0
rst -processor
targets -set -nocase -filter {name =~ "ARM*#0" && jtag_cable_name =~ "Digilent Zybo Z7 210351A77FABA"} -index 0
dow D:/s181703/ZL02_LED2_181703_prj/ZL02_LED2_181703_prj.sdk/ZL02_SW_181703/Debug/ZL02_SW_181703.elf
configparams force-mem-access 0
----------------End of Script----------------

00:57:11 INFO  : Context for processor 'ps7_cortexa9_0' is selected.
00:57:11 INFO  : 'con' command is executed.
00:57:11 INFO  : ----------------XSDB Script (After Launch)----------------
targets -set -nocase -filter {name =~ "ARM*#0" && jtag_cable_name =~ "Digilent Zybo Z7 210351A77FABA"} -index 0
con
----------------End of Script----------------

00:57:11 INFO  : Disconnected from the channel tcfchan#1.
