Copyright 1986-2018 Xilinx, Inc. All Rights Reserved.
------------------------------------------------------------------------------------------------
| Tool Version : Vivado v.2018.2 (win64) Build 2258646 Thu Jun 14 20:03:12 MDT 2018
| Date         : Sat Dec 19 21:03:49 2020
| Host         : DESKTOP-L84ILBF running 64-bit major release  (build 9200)
| Command      : report_control_sets -verbose -file ZL03_181703_wrapper_control_sets_placed.rpt
| Design       : ZL03_181703_wrapper
| Device       : xc7z010
------------------------------------------------------------------------------------------------

Control Set Information

Table of Contents
-----------------
1. Summary
2. Histogram
3. Flip-Flop Distribution
4. Detailed Control Set Information

1. Summary
----------

+----------------------------------------------------------+-------+
|                          Status                          | Count |
+----------------------------------------------------------+-------+
| Number of unique control sets                            |    71 |
| Unused register locations in slices containing registers |    40 |
+----------------------------------------------------------+-------+


2. Histogram
------------

+--------+--------------+
| Fanout | Control Sets |
+--------+--------------+
|      4 |            1 |
|      8 |            7 |
|     10 |            1 |
|     12 |            2 |
|    16+ |           60 |
+--------+--------------+


3. Flip-Flop Distribution
-------------------------

+--------------+-----------------------+------------------------+-----------------+--------------+
| Clock Enable | Synchronous Set/Reset | Asynchronous Set/Reset | Total Registers | Total Slices |
+--------------+-----------------------+------------------------+-----------------+--------------+
| No           | No                    | No                     |             366 |           58 |
| No           | No                    | Yes                    |               0 |            0 |
| No           | Yes                   | No                     |             288 |           43 |
| Yes          | No                    | No                     |             874 |          108 |
| Yes          | No                    | Yes                    |               0 |            0 |
| Yes          | Yes                   | No                     |             752 |           93 |
+--------------+-----------------------+------------------------+-----------------+--------------+


4. Detailed Control Set Information
-----------------------------------

+----------------------------------------------------+-------------------------------------------------------------------------------------------------------------------------------------------------------------------+-----------------------------------------------------------------------------------------------------------------------------------------------+------------------+----------------+
|                    Clock Signal                    |                                                                           Enable Signal                                                                           |                                                                Set/Reset Signal                                                               | Slice Load Count | Bel Load Count |
+----------------------------------------------------+-------------------------------------------------------------------------------------------------------------------------------------------------------------------+-----------------------------------------------------------------------------------------------------------------------------------------------+------------------+----------------+
|  ZL03_181703_i/processing_system7_0/inst/FCLK_CLK0 | ZL03_181703_i/ps7_0_axi_periph/s00_couplers/auto_pc/inst/gen_axilite.gen_b2s_conv.axilite_b2s/WR.b_channel_0/bid_fifo_0/bresp_push                                |                                                                                                                                               |                1 |              4 |
|  ZL03_181703_i/processing_system7_0/inst/FCLK_CLK0 |                                                                                                                                                                   | ZL03_181703_i/ps7_0_axi_periph/s00_couplers/auto_pc/inst/gen_axilite.gen_b2s_conv.axilite_b2s/SI_REG/ar.ar_pipe/m_valid_i_reg_0               |                3 |              8 |
|  ZL03_181703_i/processing_system7_0/inst/FCLK_CLK0 |                                                                                                                                                                   | ZL03_181703_i/axi_gpio_0/U0/gpio_core_1/Not_Dual.ALLIN1_ND.READ_REG_GEN[3].reg1[31]_i_1_n_0                                                   |                1 |              8 |
|  ZL03_181703_i/processing_system7_0/inst/FCLK_CLK0 |                                                                                                                                                                   | ZL03_181703_i/axi_gpio_0/U0/AXI_LITE_IPIF_I/I_SLAVE_ATTACHMENT/clear                                                                          |                1 |              8 |
|  ZL03_181703_i/processing_system7_0/inst/FCLK_CLK0 | ZL03_181703_i/axi_gpio_0/U0/AXI_LITE_IPIF_I/I_SLAVE_ATTACHMENT/I_DECODER/Not_Dual.gpio_OE_reg[0][0]                                                               | ZL03_181703_i/axi_gpio_0/U0/bus2ip_reset                                                                                                      |                1 |              8 |
|  ZL03_181703_i/processing_system7_0/inst/FCLK_CLK0 | ZL03_181703_i/ps7_0_axi_periph/s00_couplers/auto_pc/inst/gen_axilite.gen_b2s_conv.axilite_b2s/WR.aw_channel_0/aw_cmd_fsm_0/axaddr_wrap_reg[11][0]                 | ZL03_181703_i/ps7_0_axi_periph/s00_couplers/auto_pc/inst/gen_axilite.gen_b2s_conv.axilite_b2s/WR.aw_channel_0/aw_cmd_fsm_0/axlen_cnt_reg[7]_1 |                2 |              8 |
|  ZL03_181703_i/processing_system7_0/inst/FCLK_CLK0 |                                                                                                                                                                   | ZL03_181703_i/ps7_0_axi_periph/s00_couplers/auto_pc/inst/gen_axilite.gen_b2s_conv.axilite_b2s/SI_REG/aw.aw_pipe/s_ready_i_reg_0               |                3 |              8 |
|  ZL03_181703_i/processing_system7_0/inst/FCLK_CLK0 | ZL03_181703_i/ps7_0_axi_periph/s00_couplers/auto_pc/inst/gen_axilite.gen_b2s_conv.axilite_b2s/RD.ar_channel_0/ar_cmd_fsm_0/E[0]                                   | ZL03_181703_i/ps7_0_axi_periph/s00_couplers/auto_pc/inst/gen_axilite.gen_b2s_conv.axilite_b2s/RD.ar_channel_0/ar_cmd_fsm_0/axlen_cnt_reg[7]   |                1 |              8 |
|  ZL03_181703_i/processing_system7_0/inst/FCLK_CLK0 |                                                                                                                                                                   | ZL03_181703_i/rst_ps7_0_50M/U0/EXT_LPF/lpf_int                                                                                                |                2 |             10 |
|  ZL03_181703_i/processing_system7_0/inst/FCLK_CLK0 | ZL03_181703_i/rst_ps7_0_50M/U0/SEQ/seq_cnt_en                                                                                                                     | ZL03_181703_i/rst_ps7_0_50M/U0/SEQ/SEQ_COUNTER/clear                                                                                          |                1 |             12 |
|  ZL03_181703_i/processing_system7_0/inst/FCLK_CLK0 | ZL03_181703_i/axi_gpio_0/U0/AXI_LITE_IPIF_I/I_SLAVE_ATTACHMENT/s_axi_rresp_i                                                                                      | ZL03_181703_i/axi_gpio_0/U0/bus2ip_reset                                                                                                      |                1 |             12 |
|  ZL03_181703_i/processing_system7_0/inst/FCLK_CLK0 | ZL03_181703_i/led_ip_0/inst/led_ip_v1_0_S00_AXI_inst/slv_reg6[31]_i_1_n_0                                                                                         | ZL03_181703_i/led_ip_0/inst/led_ip_v1_0_S00_AXI_inst/slv_reg0[3]_i_1_n_0                                                                      |                1 |             16 |
|  ZL03_181703_i/processing_system7_0/inst/FCLK_CLK0 | ZL03_181703_i/led_ip_0/inst/led_ip_v1_0_S00_AXI_inst/slv_reg7[7]_i_1_n_0                                                                                          | ZL03_181703_i/led_ip_0/inst/led_ip_v1_0_S00_AXI_inst/slv_reg0[3]_i_1_n_0                                                                      |                2 |             16 |
|  ZL03_181703_i/processing_system7_0/inst/FCLK_CLK0 | ZL03_181703_i/led_ip_0/inst/led_ip_v1_0_S00_AXI_inst/slv_reg6[7]_i_1_n_0                                                                                          | ZL03_181703_i/led_ip_0/inst/led_ip_v1_0_S00_AXI_inst/slv_reg0[3]_i_1_n_0                                                                      |                1 |             16 |
|  ZL03_181703_i/processing_system7_0/inst/FCLK_CLK0 | ZL03_181703_i/led_ip_0/inst/led_ip_v1_0_S00_AXI_inst/p_1_in[15]                                                                                                   | ZL03_181703_i/led_ip_0/inst/led_ip_v1_0_S00_AXI_inst/slv_reg0[3]_i_1_n_0                                                                      |                1 |             16 |
|  ZL03_181703_i/processing_system7_0/inst/FCLK_CLK0 | ZL03_181703_i/led_ip_0/inst/led_ip_v1_0_S00_AXI_inst/slv_reg5[31]_i_1_n_0                                                                                         | ZL03_181703_i/led_ip_0/inst/led_ip_v1_0_S00_AXI_inst/slv_reg0[3]_i_1_n_0                                                                      |                3 |             16 |
|  ZL03_181703_i/processing_system7_0/inst/FCLK_CLK0 | ZL03_181703_i/ps7_0_axi_periph/s00_couplers/auto_pc/inst/gen_axilite.gen_b2s_conv.axilite_b2s/WR.b_channel_0/mhandshake_r                                         | ZL03_181703_i/ps7_0_axi_periph/s00_couplers/auto_pc/inst/gen_axilite.gen_b2s_conv.axilite_b2s/WR.b_channel_0/bid_fifo_0/SR[0]                 |                3 |             16 |
|  ZL03_181703_i/processing_system7_0/inst/FCLK_CLK0 | ZL03_181703_i/axi_gpio_0/U0/AXI_LITE_IPIF_I/I_SLAVE_ATTACHMENT/bus2ip_addr_i[8]_i_1_n_0                                                                           | ZL03_181703_i/axi_gpio_0/U0/bus2ip_reset                                                                                                      |                1 |             16 |
|  ZL03_181703_i/processing_system7_0/inst/FCLK_CLK0 | ZL03_181703_i/led_ip_0/inst/led_ip_v1_0_S00_AXI_inst/p_1_in[31]                                                                                                   | ZL03_181703_i/led_ip_0/inst/led_ip_v1_0_S00_AXI_inst/slv_reg0[3]_i_1_n_0                                                                      |                1 |             16 |
|  ZL03_181703_i/processing_system7_0/inst/FCLK_CLK0 | ZL03_181703_i/led_ip_0/inst/led_ip_v1_0_S00_AXI_inst/slv_reg4[31]_i_1_n_0                                                                                         | ZL03_181703_i/led_ip_0/inst/led_ip_v1_0_S00_AXI_inst/slv_reg0[3]_i_1_n_0                                                                      |                2 |             16 |
|  ZL03_181703_i/processing_system7_0/inst/FCLK_CLK0 | ZL03_181703_i/led_ip_0/inst/led_ip_v1_0_S00_AXI_inst/slv_reg2[7]_i_1_n_0                                                                                          | ZL03_181703_i/led_ip_0/inst/led_ip_v1_0_S00_AXI_inst/slv_reg0[3]_i_1_n_0                                                                      |                1 |             16 |
|  ZL03_181703_i/processing_system7_0/inst/FCLK_CLK0 | ZL03_181703_i/led_ip_0/inst/led_ip_v1_0_S00_AXI_inst/slv_reg5[7]_i_1_n_0                                                                                          | ZL03_181703_i/led_ip_0/inst/led_ip_v1_0_S00_AXI_inst/slv_reg0[3]_i_1_n_0                                                                      |                1 |             16 |
|  ZL03_181703_i/processing_system7_0/inst/FCLK_CLK0 | ZL03_181703_i/led_ip_0/inst/led_ip_v1_0_S00_AXI_inst/slv_reg3[31]_i_1_n_0                                                                                         | ZL03_181703_i/led_ip_0/inst/led_ip_v1_0_S00_AXI_inst/slv_reg0[3]_i_1_n_0                                                                      |                1 |             16 |
|  ZL03_181703_i/processing_system7_0/inst/FCLK_CLK0 | ZL03_181703_i/led_ip_0/inst/led_ip_v1_0_S00_AXI_inst/slv_reg4[23]_i_1_n_0                                                                                         | ZL03_181703_i/led_ip_0/inst/led_ip_v1_0_S00_AXI_inst/slv_reg0[3]_i_1_n_0                                                                      |                2 |             16 |
|  ZL03_181703_i/processing_system7_0/inst/FCLK_CLK0 | ZL03_181703_i/led_ip_0/inst/led_ip_v1_0_S00_AXI_inst/slv_reg6[15]_i_1_n_0                                                                                         | ZL03_181703_i/led_ip_0/inst/led_ip_v1_0_S00_AXI_inst/slv_reg0[3]_i_1_n_0                                                                      |                1 |             16 |
|  ZL03_181703_i/processing_system7_0/inst/FCLK_CLK0 | ZL03_181703_i/led_ip_0/inst/led_ip_v1_0_S00_AXI_inst/slv_reg3[15]_i_1_n_0                                                                                         | ZL03_181703_i/led_ip_0/inst/led_ip_v1_0_S00_AXI_inst/slv_reg0[3]_i_1_n_0                                                                      |                1 |             16 |
|  ZL03_181703_i/processing_system7_0/inst/FCLK_CLK0 | ZL03_181703_i/led_ip_0/inst/led_ip_v1_0_S00_AXI_inst/slv_reg4[7]_i_1_n_0                                                                                          | ZL03_181703_i/led_ip_0/inst/led_ip_v1_0_S00_AXI_inst/slv_reg0[3]_i_1_n_0                                                                      |                2 |             16 |
|  ZL03_181703_i/processing_system7_0/inst/FCLK_CLK0 | ZL03_181703_i/led_ip_0/inst/led_ip_v1_0_S00_AXI_inst/slv_reg1[23]_i_1_n_0                                                                                         | ZL03_181703_i/led_ip_0/inst/led_ip_v1_0_S00_AXI_inst/slv_reg0[3]_i_1_n_0                                                                      |                2 |             16 |
|  ZL03_181703_i/processing_system7_0/inst/FCLK_CLK0 | ZL03_181703_i/led_ip_0/inst/led_ip_v1_0_S00_AXI_inst/slv_reg7[23]_i_1_n_0                                                                                         | ZL03_181703_i/led_ip_0/inst/led_ip_v1_0_S00_AXI_inst/slv_reg0[3]_i_1_n_0                                                                      |                2 |             16 |
|  ZL03_181703_i/processing_system7_0/inst/FCLK_CLK0 | ZL03_181703_i/led_ip_0/inst/led_ip_v1_0_S00_AXI_inst/slv_reg6[23]_i_1_n_0                                                                                         | ZL03_181703_i/led_ip_0/inst/led_ip_v1_0_S00_AXI_inst/slv_reg0[3]_i_1_n_0                                                                      |                1 |             16 |
|  ZL03_181703_i/processing_system7_0/inst/FCLK_CLK0 | ZL03_181703_i/led_ip_0/inst/led_ip_v1_0_S00_AXI_inst/slv_reg3[7]_i_1_n_0                                                                                          | ZL03_181703_i/led_ip_0/inst/led_ip_v1_0_S00_AXI_inst/slv_reg0[3]_i_1_n_0                                                                      |                1 |             16 |
|  ZL03_181703_i/processing_system7_0/inst/FCLK_CLK0 | ZL03_181703_i/led_ip_0/inst/led_ip_v1_0_S00_AXI_inst/slv_reg7[15]_i_1_n_0                                                                                         | ZL03_181703_i/led_ip_0/inst/led_ip_v1_0_S00_AXI_inst/slv_reg0[3]_i_1_n_0                                                                      |                2 |             16 |
|  ZL03_181703_i/processing_system7_0/inst/FCLK_CLK0 | ZL03_181703_i/led_ip_0/inst/led_ip_v1_0_S00_AXI_inst/p_1_in[23]                                                                                                   | ZL03_181703_i/led_ip_0/inst/led_ip_v1_0_S00_AXI_inst/slv_reg0[3]_i_1_n_0                                                                      |                2 |             16 |
|  ZL03_181703_i/processing_system7_0/inst/FCLK_CLK0 | ZL03_181703_i/led_ip_0/inst/led_ip_v1_0_S00_AXI_inst/slv_reg5[15]_i_1_n_0                                                                                         | ZL03_181703_i/led_ip_0/inst/led_ip_v1_0_S00_AXI_inst/slv_reg0[3]_i_1_n_0                                                                      |                2 |             16 |
|  ZL03_181703_i/processing_system7_0/inst/FCLK_CLK0 | ZL03_181703_i/led_ip_0/inst/led_ip_v1_0_S00_AXI_inst/slv_reg2[23]_i_1_n_0                                                                                         | ZL03_181703_i/led_ip_0/inst/led_ip_v1_0_S00_AXI_inst/slv_reg0[3]_i_1_n_0                                                                      |                1 |             16 |
|  ZL03_181703_i/processing_system7_0/inst/FCLK_CLK0 | ZL03_181703_i/led_ip_0/inst/led_ip_v1_0_S00_AXI_inst/slv_reg2[15]_i_1_n_0                                                                                         | ZL03_181703_i/led_ip_0/inst/led_ip_v1_0_S00_AXI_inst/slv_reg0[3]_i_1_n_0                                                                      |                1 |             16 |
|  ZL03_181703_i/processing_system7_0/inst/FCLK_CLK0 | ZL03_181703_i/led_ip_0/inst/led_ip_v1_0_S00_AXI_inst/slv_reg1[15]_i_1_n_0                                                                                         | ZL03_181703_i/led_ip_0/inst/led_ip_v1_0_S00_AXI_inst/slv_reg0[3]_i_1_n_0                                                                      |                1 |             16 |
|  ZL03_181703_i/processing_system7_0/inst/FCLK_CLK0 | ZL03_181703_i/led_ip_0/inst/led_ip_v1_0_S00_AXI_inst/slv_reg5[23]_i_1_n_0                                                                                         | ZL03_181703_i/led_ip_0/inst/led_ip_v1_0_S00_AXI_inst/slv_reg0[3]_i_1_n_0                                                                      |                2 |             16 |
|  ZL03_181703_i/processing_system7_0/inst/FCLK_CLK0 | ZL03_181703_i/led_ip_0/inst/led_ip_v1_0_S00_AXI_inst/slv_reg7[31]_i_1_n_0                                                                                         | ZL03_181703_i/led_ip_0/inst/led_ip_v1_0_S00_AXI_inst/slv_reg0[3]_i_1_n_0                                                                      |                2 |             16 |
|  ZL03_181703_i/processing_system7_0/inst/FCLK_CLK0 | ZL03_181703_i/led_ip_0/inst/led_ip_v1_0_S00_AXI_inst/slv_reg1[31]_i_1_n_0                                                                                         | ZL03_181703_i/led_ip_0/inst/led_ip_v1_0_S00_AXI_inst/slv_reg0[3]_i_1_n_0                                                                      |                1 |             16 |
|  ZL03_181703_i/processing_system7_0/inst/FCLK_CLK0 | ZL03_181703_i/led_ip_0/inst/led_ip_v1_0_S00_AXI_inst/slv_reg1[7]_i_1_n_0                                                                                          | ZL03_181703_i/led_ip_0/inst/led_ip_v1_0_S00_AXI_inst/slv_reg0[3]_i_1_n_0                                                                      |                2 |             16 |
|  ZL03_181703_i/processing_system7_0/inst/FCLK_CLK0 | ZL03_181703_i/led_ip_0/inst/led_ip_v1_0_S00_AXI_inst/slv_reg2[31]_i_1_n_0                                                                                         | ZL03_181703_i/led_ip_0/inst/led_ip_v1_0_S00_AXI_inst/slv_reg0[3]_i_1_n_0                                                                      |                2 |             16 |
|  ZL03_181703_i/processing_system7_0/inst/FCLK_CLK0 | ZL03_181703_i/led_ip_0/inst/led_ip_v1_0_S00_AXI_inst/slv_reg3[23]_i_1_n_0                                                                                         | ZL03_181703_i/led_ip_0/inst/led_ip_v1_0_S00_AXI_inst/slv_reg0[3]_i_1_n_0                                                                      |                2 |             16 |
|  ZL03_181703_i/processing_system7_0/inst/FCLK_CLK0 | ZL03_181703_i/led_ip_0/inst/led_ip_v1_0_S00_AXI_inst/slv_reg4[15]_i_1_n_0                                                                                         | ZL03_181703_i/led_ip_0/inst/led_ip_v1_0_S00_AXI_inst/slv_reg0[3]_i_1_n_0                                                                      |                1 |             16 |
|  ZL03_181703_i/processing_system7_0/inst/FCLK_CLK0 |                                                                                                                                                                   | ZL03_181703_i/ps7_0_axi_periph/xbar/inst/gen_sasd.crossbar_sasd_0/addr_arbiter_inst/SR[0]                                                     |                4 |             22 |
|  ZL03_181703_i/processing_system7_0/inst/FCLK_CLK0 |                                                                                                                                                                   | ZL03_181703_i/led_ip_0/inst/led_ip_v1_0_S00_AXI_inst/slv_reg0[3]_i_1_n_0                                                                      |                4 |             24 |
|  ZL03_181703_i/processing_system7_0/inst/FCLK_CLK0 | ZL03_181703_i/led_ip_0/inst/led_ip_v1_0_S00_AXI_inst/p_1_in[3]                                                                                                    | ZL03_181703_i/led_ip_0/inst/led_ip_v1_0_S00_AXI_inst/slv_reg0[3]_i_1_n_0                                                                      |                2 |             24 |
|  ZL03_181703_i/processing_system7_0/inst/FCLK_CLK0 | ZL03_181703_i/ps7_0_axi_periph/s00_couplers/auto_pc/inst/gen_axilite.gen_b2s_conv.axilite_b2s/WR.aw_channel_0/cmd_translator_0/incr_cmd_0/axaddr_incr[11]_i_1_n_0 |                                                                                                                                               |                3 |             24 |
|  ZL03_181703_i/processing_system7_0/inst/FCLK_CLK0 | ZL03_181703_i/ps7_0_axi_periph/s00_couplers/auto_pc/inst/gen_axilite.gen_b2s_conv.axilite_b2s/WR.aw_channel_0/aw_cmd_fsm_0/E[0]                                   |                                                                                                                                               |                3 |             24 |
|  ZL03_181703_i/processing_system7_0/inst/FCLK_CLK0 | ZL03_181703_i/ps7_0_axi_periph/s00_couplers/auto_pc/inst/gen_axilite.gen_b2s_conv.axilite_b2s/RD.ar_channel_0/ar_cmd_fsm_0/wrap_boundary_axaddr_r_reg[11][0]      |                                                                                                                                               |                7 |             24 |
|  ZL03_181703_i/processing_system7_0/inst/FCLK_CLK0 | ZL03_181703_i/ps7_0_axi_periph/s00_couplers/auto_pc/inst/gen_axilite.gen_b2s_conv.axilite_b2s/RD.ar_channel_0/ar_cmd_fsm_0/axaddr_incr_reg[0][0]                  |                                                                                                                                               |                3 |             24 |
|  ZL03_181703_i/processing_system7_0/inst/FCLK_CLK0 | ZL03_181703_i/ps7_0_axi_periph/s00_couplers/auto_pc/inst/gen_axilite.gen_b2s_conv.axilite_b2s/RD.r_channel_0/r_push_r                                             |                                                                                                                                               |                4 |             26 |
|  ZL03_181703_i/processing_system7_0/inst/FCLK_CLK0 | ZL03_181703_i/ps7_0_axi_periph/s00_couplers/auto_pc/inst/gen_axilite.gen_b2s_conv.axilite_b2s/SI_REG/b.b_pipe/p_1_in                                              |                                                                                                                                               |                2 |             28 |
|  ZL03_181703_i/processing_system7_0/inst/FCLK_CLK0 | ZL03_181703_i/ps7_0_axi_periph/s00_couplers/auto_pc/inst/gen_axilite.gen_b2s_conv.axilite_b2s/SI_REG/b.b_pipe/skid_buffer_reg[0]_0                                |                                                                                                                                               |                2 |             28 |
|  ZL03_181703_i/processing_system7_0/inst/FCLK_CLK0 | ZL03_181703_i/ps7_0_axi_periph/s00_couplers/auto_pc/inst/gen_axilite.gen_b2s_conv.axilite_b2s/WR.aw_channel_0/aw_cmd_fsm_0/b_push                                 |                                                                                                                                               |                3 |             32 |
|  ZL03_181703_i/processing_system7_0/inst/FCLK_CLK0 | ZL03_181703_i/ps7_0_axi_periph/s00_couplers/auto_pc/inst/gen_axilite.gen_b2s_conv.axilite_b2s/WR.aw_channel_0/aw_cmd_fsm_0/axaddr_wrap_reg[11][0]                 |                                                                                                                                               |                8 |             40 |
|  ZL03_181703_i/processing_system7_0/inst/FCLK_CLK0 | ZL03_181703_i/ps7_0_axi_periph/s00_couplers/auto_pc/inst/gen_axilite.gen_b2s_conv.axilite_b2s/RD.ar_channel_0/ar_cmd_fsm_0/E[0]                                   |                                                                                                                                               |                8 |             40 |
|  ZL03_181703_i/processing_system7_0/inst/FCLK_CLK0 | ZL03_181703_i/axi_gpio_0/U0/AXI_LITE_IPIF_I/I_SLAVE_ATTACHMENT/start2                                                                                             | ZL03_181703_i/axi_gpio_0/U0/AXI_LITE_IPIF_I/I_SLAVE_ATTACHMENT/I_DECODER/cs_ce_clr                                                            |                4 |             42 |
|  ZL03_181703_i/processing_system7_0/inst/FCLK_CLK0 | ZL03_181703_i/ps7_0_axi_periph/xbar/inst/gen_sasd.crossbar_sasd_0/addr_arbiter_inst/p_0_in1_in                                                                    | ZL03_181703_i/ps7_0_axi_periph/xbar/inst/gen_sasd.crossbar_sasd_0/addr_arbiter_inst/SR[0]                                                     |                9 |             46 |
|  ZL03_181703_i/processing_system7_0/inst/FCLK_CLK0 | ZL03_181703_i/led_ip_0/inst/led_ip_v1_0_S00_AXI_inst/slv_reg_rden__0                                                                                              | ZL03_181703_i/led_ip_0/inst/led_ip_v1_0_S00_AXI_inst/slv_reg0[3]_i_1_n_0                                                                      |               21 |             64 |
|  ZL03_181703_i/processing_system7_0/inst/FCLK_CLK0 | ZL03_181703_i/ps7_0_axi_periph/s00_couplers/auto_pc/inst/gen_axilite.gen_b2s_conv.axilite_b2s/RD.r_channel_0/rd_data_fifo_0/wr_en0                                |                                                                                                                                               |                9 |             68 |
|  ZL03_181703_i/processing_system7_0/inst/FCLK_CLK0 | ZL03_181703_i/ps7_0_axi_periph/xbar/inst/gen_sasd.crossbar_sasd_0/addr_arbiter_inst/E[0]                                                                          |                                                                                                                                               |               10 |             70 |
|  ZL03_181703_i/processing_system7_0/inst/FCLK_CLK0 |                                                                                                                                                                   | ZL03_181703_i/axi_gpio_0/U0/bus2ip_reset                                                                                                      |               13 |             80 |
|  ZL03_181703_i/processing_system7_0/inst/FCLK_CLK0 | ZL03_181703_i/ps7_0_axi_periph/s00_couplers/auto_pc/inst/gen_axilite.gen_b2s_conv.axilite_b2s/SI_REG/r.r_pipe/p_1_in                                              |                                                                                                                                               |                8 |             94 |
|  ZL03_181703_i/processing_system7_0/inst/FCLK_CLK0 | ZL03_181703_i/ps7_0_axi_periph/s00_couplers/auto_pc/inst/gen_axilite.gen_b2s_conv.axilite_b2s/SI_REG/r.r_pipe/skid_buffer_reg[0]_0                                |                                                                                                                                               |                9 |             94 |
|  ZL03_181703_i/processing_system7_0/inst/FCLK_CLK0 | ZL03_181703_i/ps7_0_axi_periph/s00_couplers/auto_pc/inst/gen_axilite.gen_b2s_conv.axilite_b2s/WR.aw_channel_0/aw_cmd_fsm_0/m_payload_i_reg[0][0]                  |                                                                                                                                               |                9 |             96 |
|  ZL03_181703_i/processing_system7_0/inst/FCLK_CLK0 | ZL03_181703_i/ps7_0_axi_periph/s00_couplers/auto_pc/inst/gen_axilite.gen_b2s_conv.axilite_b2s/RD.ar_channel_0/ar_cmd_fsm_0/m_payload_i_reg[0]_1[0]                |                                                                                                                                               |               12 |             96 |
|  ZL03_181703_i/processing_system7_0/inst/FCLK_CLK0 | ZL03_181703_i/ps7_0_axi_periph/s00_couplers/auto_pc/inst/gen_axilite.gen_b2s_conv.axilite_b2s/SI_REG/ar.ar_pipe/s_axi_arready                                     |                                                                                                                                               |               12 |             96 |
|  ZL03_181703_i/processing_system7_0/inst/FCLK_CLK0 | ZL03_181703_i/ps7_0_axi_periph/s00_couplers/auto_pc/inst/gen_axilite.gen_b2s_conv.axilite_b2s/SI_REG/aw.aw_pipe/s_axi_awready                                     |                                                                                                                                               |               12 |             96 |
|  ZL03_181703_i/processing_system7_0/inst/FCLK_CLK0 |                                                                                                                                                                   | ZL03_181703_i/ps7_0_axi_periph/s00_couplers/auto_pc/inst/gen_axilite.gen_b2s_conv.axilite_b2s/areset_d1                                       |               12 |            120 |
|  ZL03_181703_i/processing_system7_0/inst/FCLK_CLK0 |                                                                                                                                                                   |                                                                                                                                               |               59 |            368 |
+----------------------------------------------------+-------------------------------------------------------------------------------------------------------------------------------------------------------------------+-----------------------------------------------------------------------------------------------------------------------------------------------+------------------+----------------+


