#-----------------------------------------------------------
# Vivado v2018.2 (64-bit)
# SW Build 2258646 on Thu Jun 14 20:03:12 MDT 2018
# IP Build 2256618 on Thu Jun 14 22:10:49 MDT 2018
# Start of session at: Tue Dec 22 17:11:25 2020
# Process ID: 1296
# Current directory: D:/s181703/s181703/s181703L04/ZL04_IP2_181703_prj
# Command line: vivado.exe -gui_launcher_event rodinguilauncherevent16680 D:\s181703\s181703\s181703L04\ZL04_IP2_181703_prj\ZL04_IP2_181703_prj.xpr
# Log file: D:/s181703/s181703/s181703L04/ZL04_IP2_181703_prj/vivado.log
# Journal file: D:/s181703/s181703/s181703L04/ZL04_IP2_181703_prj\vivado.jou
#-----------------------------------------------------------
start_gui
open_project D:/s181703/s181703/s181703L04/ZL04_IP2_181703_prj/ZL04_IP2_181703_prj.xpr
Scanning sources...
Finished scanning sources
INFO: [IP_Flow 19-234] Refreshing IP repositories
INFO: [IP_Flow 19-1700] Loaded user IP repository 'd:/s181703/s181703/s181703L04/IP_repo_20181703/ip_repo/led_btn_ip_1.0'.
INFO: [IP_Flow 19-2313] Loaded Vivado IP repository 'D:/Vivado/2018.2/data/ip'.
open_project: Time (s): cpu = 00:00:12 ; elapsed = 00:00:07 . Memory (MB): peak = 905.031 ; gain = 154.086
update_compile_order -fileset sources_1
INFO: [Vivado 12-4158] Exported Hardware file is out of date. Exported hardware information may be inconsistent with respect to the current state of the design. It is recommended that you re-export the design and launch SDK otherwise SDK is launched with out of date hardware system file.
launch_sdk -workspace D:/s181703/s181703/s181703L04/ZL04_IP2_181703_prj/ZL04_IP2_181703_prj.sdk -hwspec D:/s181703/s181703/s181703L04/ZL04_IP2_181703_prj/ZL04_IP2_181703_prj.sdk/ZL04_Blk_181703_wrapper.hdf
INFO: [Vivado 12-393] Launching SDK...
INFO: [Vivado 12-417] Running xsdk -workspace D:/s181703/s181703/s181703L04/ZL04_IP2_181703_prj/ZL04_IP2_181703_prj.sdk -hwspec D:/s181703/s181703/s181703L04/ZL04_IP2_181703_prj/ZL04_IP2_181703_prj.sdk/ZL04_Blk_181703_wrapper.hdf
INFO: [Vivado 12-3157] SDK launch initiated. Please check console for any further messages.
INFO: [Vivado 12-4159] Implementation run is out of date. Exported hardware information may be inconsistent with respect to the current state of the design. It is recommended that you re-run implementation and re-generate bitstream before doing hardware export.
INFO: [Vivado 12-4159] Implementation run is out of date. Exported hardware information may be inconsistent with respect to the current state of the design. It is recommended that you re-run implementation and re-generate bitstream before doing hardware export.
file copy -force D:/s181703/s181703/s181703L04/ZL04_IP2_181703_prj/ZL04_IP2_181703_prj.runs/impl_1/ZL04_Blk_181703_wrapper.sysdef D:/s181703/s181703/s181703L04/ZL04_IP2_181703_prj/ZL04_IP2_181703_prj.sdk/ZL04_Blk_181703_wrapper.hdf

INFO: [Vivado 12-4159] Implementation run is out of date. Exported hardware information may be inconsistent with respect to the current state of the design. It is recommended that you re-run implementation and re-generate bitstream before doing hardware export.
file copy -force D:/s181703/s181703/s181703L04/ZL04_IP2_181703_prj/ZL04_IP2_181703_prj.runs/impl_1/ZL04_Blk_181703_wrapper.sysdef D:/s181703/s181703/s181703L04/ZL04_IP2_181703_prj/ZL04_IP2_181703_prj.sdk/ZL04_Blk_181703_wrapper.hdf

reset_run synth_1
launch_runs impl_1 -to_step write_bitstream -jobs 6
[Tue Dec 22 17:15:00 2020] Launched synth_1...
Run output will be captured here: D:/s181703/s181703/s181703L04/ZL04_IP2_181703_prj/ZL04_IP2_181703_prj.runs/synth_1/runme.log
[Tue Dec 22 17:15:00 2020] Launched impl_1...
Run output will be captured here: D:/s181703/s181703/s181703L04/ZL04_IP2_181703_prj/ZL04_IP2_181703_prj.runs/impl_1/runme.log
file copy -force D:/s181703/s181703/s181703L04/ZL04_IP2_181703_prj/ZL04_IP2_181703_prj.runs/impl_1/ZL04_Blk_181703_wrapper.sysdef D:/s181703/s181703/s181703L04/ZL04_IP2_181703_prj/ZL04_IP2_181703_prj.sdk/ZL04_Blk_181703_wrapper.hdf

launch_sdk -workspace D:/s181703/s181703/s181703L04/ZL04_IP2_181703_prj/ZL04_IP2_181703_prj.sdk -hwspec D:/s181703/s181703/s181703L04/ZL04_IP2_181703_prj/ZL04_IP2_181703_prj.sdk/ZL04_Blk_181703_wrapper.hdf
INFO: [Vivado 12-393] Launching SDK...
INFO: [Vivado 12-417] Running xsdk -workspace D:/s181703/s181703/s181703L04/ZL04_IP2_181703_prj/ZL04_IP2_181703_prj.sdk -hwspec D:/s181703/s181703/s181703L04/ZL04_IP2_181703_prj/ZL04_IP2_181703_prj.sdk/ZL04_Blk_181703_wrapper.hdf
INFO: [Vivado 12-3157] SDK launch initiated. Please check console for any further messages.
exit
INFO: [Common 17-206] Exiting Vivado at Tue Dec 22 17:32:53 2020...
