#-----------------------------------------------------------
# Vivado v2018.2 (64-bit)
# SW Build 2258646 on Thu Jun 14 20:03:12 MDT 2018
# IP Build 2256618 on Thu Jun 14 22:10:49 MDT 2018
# Start of session at: Sat Nov 28 20:02:53 2020
# Process ID: 7400
# Current directory: D:/s181703/TFF_3bits_prj
# Command line: vivado.exe -gui_launcher_event rodinguilauncherevent21000 D:\s181703\TFF_3bits_prj\TFF_3bits_prj.xpr
# Log file: D:/s181703/TFF_3bits_prj/vivado.log
# Journal file: D:/s181703/TFF_3bits_prj\vivado.jou
#-----------------------------------------------------------
start_gui
open_project D:/s181703/TFF_3bits_prj/TFF_3bits_prj.xpr
Scanning sources...
Finished scanning sources
INFO: [IP_Flow 19-234] Refreshing IP repositories
INFO: [IP_Flow 19-1704] No user IP repositories specified
INFO: [IP_Flow 19-2313] Loaded Vivado IP repository 'D:/Vivado/2018.2/data/ip'.
update_compile_order -fileset sources_1
exit
INFO: [Common 17-206] Exiting Vivado at Sat Nov 28 20:34:22 2020...
